0 info it worked if it ends with ok
1 verbose cli [ 'C:\\Program Files\\nodejs\\node.exe',
1 verbose cli   'C:\\Program Files\\nodejs\\node_modules\\npm\\bin\\npm-cli.js',
1 verbose cli   'install',
1 verbose cli   'talib' ]
2 info using npm@3.10.10
3 info using node@v8.11.2
4 silly loadCurrentTree Starting
5 silly install loadCurrentTree
6 silly install readLocalPackageData
7 silly fetchPackageMetaData talib
8 silly fetchNamedPackageData talib
9 silly mapToRegistry name talib
10 silly mapToRegistry using default registry
11 silly mapToRegistry registry https://registry.npmjs.org/
12 silly mapToRegistry data Result {
12 silly mapToRegistry   raw: 'talib',
12 silly mapToRegistry   scope: null,
12 silly mapToRegistry   escapedName: 'talib',
12 silly mapToRegistry   name: 'talib',
12 silly mapToRegistry   rawSpec: '',
12 silly mapToRegistry   spec: 'latest',
12 silly mapToRegistry   type: 'tag' }
13 silly mapToRegistry uri https://registry.npmjs.org/talib
14 verbose request uri https://registry.npmjs.org/talib
15 verbose request no auth needed
16 info attempt registry request try #1 at 00:24:33
17 verbose request id 7d39c991bbe5bc0b
18 http request GET https://registry.npmjs.org/talib
19 http 200 https://registry.npmjs.org/talib
20 verbose headers { date: 'Mon, 11 Jun 2018 07:24:33 GMT',
20 verbose headers   'content-type': 'application/json; charset=UTF-8',
20 verbose headers   'transfer-encoding': 'chunked',
20 verbose headers   connection: 'keep-alive',
20 verbose headers   'set-cookie':
20 verbose headers    [ '__cfduid=dd36460b48c10b02481db1000f53d4f011528701873; expires=Tue, 11-Jun-19 07:24:33 GMT; path=/; domain=.registry.npmjs.org; HttpOnly' ],
20 verbose headers   'cache-control': 'max-age=300',
20 verbose headers   'cf-cache-status': 'REVALIDATED',
20 verbose headers   'cf-ray': '429256b71a736cee-SJC',
20 verbose headers   etag: 'W/"6eb0cdd91788bb39b2601d37e51167aa"',
20 verbose headers   'expect-ct': 'max-age=604800, report-uri="https://report-uri.cloudflare.com/cdn-cgi/beacon/expect-ct"',
20 verbose headers   'last-modified': 'Fri, 01 Jun 2018 15:46:37 GMT',
20 verbose headers   vary: 'accept-encoding, accept',
20 verbose headers   server: 'cloudflare',
20 verbose headers   'content-encoding': 'gzip' }
21 silly get cb [ 200,
21 silly get   { date: 'Mon, 11 Jun 2018 07:24:33 GMT',
21 silly get     'content-type': 'application/json; charset=UTF-8',
21 silly get     'transfer-encoding': 'chunked',
21 silly get     connection: 'keep-alive',
21 silly get     'set-cookie':
21 silly get      [ '__cfduid=dd36460b48c10b02481db1000f53d4f011528701873; expires=Tue, 11-Jun-19 07:24:33 GMT; path=/; domain=.registry.npmjs.org; HttpOnly' ],
21 silly get     'cache-control': 'max-age=300',
21 silly get     'cf-cache-status': 'REVALIDATED',
21 silly get     'cf-ray': '429256b71a736cee-SJC',
21 silly get     etag: 'W/"6eb0cdd91788bb39b2601d37e51167aa"',
21 silly get     'expect-ct': 'max-age=604800, report-uri="https://report-uri.cloudflare.com/cdn-cgi/beacon/expect-ct"',
21 silly get     'last-modified': 'Fri, 01 Jun 2018 15:46:37 GMT',
21 silly get     vary: 'accept-encoding, accept',
21 silly get     server: 'cloudflare',
21 silly get     'content-encoding': 'gzip' } ]
22 verbose get saving talib to C:\Users\_\AppData\Roaming\npm-cache\registry.npmjs.org\talib\.cache.json
23 verbose correctMkdir C:\Users\_\AppData\Roaming\npm-cache correctMkdir not in flight; initializing
24 silly install normalizeTree
25 silly loadCurrentTree Finishing
26 silly loadIdealTree Starting
27 silly install loadIdealTree
28 silly cloneCurrentTree Starting
29 silly install cloneCurrentTreeToIdealTree
30 silly cloneCurrentTree Finishing
31 silly loadShrinkwrap Starting
32 silly install loadShrinkwrap
33 silly loadShrinkwrap Finishing
34 silly loadAllDepsIntoIdealTree Starting
35 silly install loadAllDepsIntoIdealTree
36 silly resolveWithNewModule talib@1.0.5 checking installable status
37 silly cache add args [ 'talib', null ]
38 verbose cache add spec talib
39 silly cache add parsed spec Result {
39 silly cache add   raw: 'talib',
39 silly cache add   scope: null,
39 silly cache add   escapedName: 'talib',
39 silly cache add   name: 'talib',
39 silly cache add   rawSpec: '',
39 silly cache add   spec: 'latest',
39 silly cache add   type: 'tag' }
40 silly addNamed talib@latest
41 verbose addNamed "latest" is being treated as a dist-tag for talib
42 info addNameTag [ 'talib', 'latest' ]
43 silly mapToRegistry name talib
44 silly mapToRegistry using default registry
45 silly mapToRegistry registry https://registry.npmjs.org/
46 silly mapToRegistry data Result {
46 silly mapToRegistry   raw: 'talib',
46 silly mapToRegistry   scope: null,
46 silly mapToRegistry   escapedName: 'talib',
46 silly mapToRegistry   name: 'talib',
46 silly mapToRegistry   rawSpec: '',
46 silly mapToRegistry   spec: 'latest',
46 silly mapToRegistry   type: 'tag' }
47 silly mapToRegistry uri https://registry.npmjs.org/talib
48 verbose addNameTag registry:https://registry.npmjs.org/talib not in flight; fetching
49 verbose get https://registry.npmjs.org/talib not expired, no request
50 silly addNameTag next cb for talib with tag latest
51 silly addNamed talib@1.0.5
52 verbose addNamed "1.0.5" is a plain semver version for talib
53 silly mapToRegistry name talib
54 silly mapToRegistry using default registry
55 silly mapToRegistry registry https://registry.npmjs.org/
56 silly mapToRegistry data Result {
56 silly mapToRegistry   raw: 'talib',
56 silly mapToRegistry   scope: null,
56 silly mapToRegistry   escapedName: 'talib',
56 silly mapToRegistry   name: 'talib',
56 silly mapToRegistry   rawSpec: '',
56 silly mapToRegistry   spec: 'latest',
56 silly mapToRegistry   type: 'tag' }
57 silly mapToRegistry uri https://registry.npmjs.org/talib
58 verbose addRemoteTarball https://registry.npmjs.org/talib/-/talib-1.0.5.tgz not in flight; adding
59 verbose addRemoteTarball [ 'https://registry.npmjs.org/talib/-/talib-1.0.5.tgz',
59 verbose addRemoteTarball   'f95d1b27995517413a86088204386ae68a101e64' ]
60 info retry fetch attempt 1 at 00:24:34
61 info attempt registry request try #1 at 00:24:34
62 http fetch GET https://registry.npmjs.org/talib/-/talib-1.0.5.tgz
63 http fetch 200 https://registry.npmjs.org/talib/-/talib-1.0.5.tgz
64 silly fetchAndShaCheck shasum f95d1b27995517413a86088204386ae68a101e64
65 verbose addTmpTarball C:\Users\_\AppData\Local\Temp\npm-13684-75644192\registry.npmjs.org\talib\-\talib-1.0.5.tgz not in flight; adding
66 verbose addTmpTarball already have metadata; skipping unpack for talib@1.0.5
67 verbose correctMkdir C:\Users\_\AppData\Roaming\npm-cache correctMkdir not in flight; initializing
68 silly cache afterAdd talib@1.0.5
69 verbose afterAdd C:\Users\_\AppData\Roaming\npm-cache\talib\1.0.5\package\package.json not in flight; writing
70 verbose correctMkdir C:\Users\_\AppData\Roaming\npm-cache correctMkdir not in flight; initializing
71 verbose afterAdd C:\Users\_\AppData\Roaming\npm-cache\talib\1.0.5\package\package.json written
72 silly fetchNamedPackageData nan
73 silly mapToRegistry name nan
74 silly mapToRegistry using default registry
75 silly mapToRegistry registry https://registry.npmjs.org/
76 silly mapToRegistry data Result {
76 silly mapToRegistry   raw: 'nan',
76 silly mapToRegistry   scope: null,
76 silly mapToRegistry   escapedName: 'nan',
76 silly mapToRegistry   name: 'nan',
76 silly mapToRegistry   rawSpec: '',
76 silly mapToRegistry   spec: 'latest',
76 silly mapToRegistry   type: 'tag' }
77 silly mapToRegistry uri https://registry.npmjs.org/nan
78 verbose request uri https://registry.npmjs.org/nan
79 verbose request no auth needed
80 info attempt registry request try #1 at 00:24:35
81 http request GET https://registry.npmjs.org/nan
82 http 200 https://registry.npmjs.org/nan
83 verbose headers { date: 'Mon, 11 Jun 2018 07:24:34 GMT',
83 verbose headers   'content-type': 'application/json; charset=UTF-8',
83 verbose headers   'transfer-encoding': 'chunked',
83 verbose headers   connection: 'keep-alive',
83 verbose headers   'set-cookie':
83 verbose headers    [ '__cfduid=d6e22e3950edf3f6592fd865575dce60b1528701874; expires=Tue, 11-Jun-19 07:24:34 GMT; path=/; domain=.registry.npmjs.org; HttpOnly' ],
83 verbose headers   'cache-control': 'max-age=300',
83 verbose headers   'cf-cache-status': 'HIT',
83 verbose headers   'cf-ray': '429256be4c1a6cee-SJC',
83 verbose headers   etag: 'W/"249a7c29055ea21c4b8d244bd7b33a97"',
83 verbose headers   'expect-ct': 'max-age=604800, report-uri="https://report-uri.cloudflare.com/cdn-cgi/beacon/expect-ct"',
83 verbose headers   'last-modified': 'Sun, 27 May 2018 09:01:11 GMT',
83 verbose headers   vary: 'accept-encoding, accept',
83 verbose headers   server: 'cloudflare',
83 verbose headers   'content-encoding': 'gzip' }
84 silly get cb [ 200,
84 silly get   { date: 'Mon, 11 Jun 2018 07:24:34 GMT',
84 silly get     'content-type': 'application/json; charset=UTF-8',
84 silly get     'transfer-encoding': 'chunked',
84 silly get     connection: 'keep-alive',
84 silly get     'set-cookie':
84 silly get      [ '__cfduid=d6e22e3950edf3f6592fd865575dce60b1528701874; expires=Tue, 11-Jun-19 07:24:34 GMT; path=/; domain=.registry.npmjs.org; HttpOnly' ],
84 silly get     'cache-control': 'max-age=300',
84 silly get     'cf-cache-status': 'HIT',
84 silly get     'cf-ray': '429256be4c1a6cee-SJC',
84 silly get     etag: 'W/"249a7c29055ea21c4b8d244bd7b33a97"',
84 silly get     'expect-ct': 'max-age=604800, report-uri="https://report-uri.cloudflare.com/cdn-cgi/beacon/expect-ct"',
84 silly get     'last-modified': 'Sun, 27 May 2018 09:01:11 GMT',
84 silly get     vary: 'accept-encoding, accept',
84 silly get     server: 'cloudflare',
84 silly get     'content-encoding': 'gzip' } ]
85 verbose get saving nan to C:\Users\_\AppData\Roaming\npm-cache\registry.npmjs.org\nan\.cache.json
86 verbose correctMkdir C:\Users\_\AppData\Roaming\npm-cache correctMkdir not in flight; initializing
87 silly resolveWithNewModule nan@2.10.0 checking installable status
88 silly cache add args [ 'nan@^2.10.0', null ]
89 verbose cache add spec nan@^2.10.0
90 silly cache add parsed spec Result {
90 silly cache add   raw: 'nan@^2.10.0',
90 silly cache add   scope: null,
90 silly cache add   escapedName: 'nan',
90 silly cache add   name: 'nan',
90 silly cache add   rawSpec: '^2.10.0',
90 silly cache add   spec: '>=2.10.0 <3.0.0',
90 silly cache add   type: 'range' }
91 silly addNamed nan@>=2.10.0 <3.0.0
92 verbose addNamed ">=2.10.0 <3.0.0" is a valid semver range for nan
93 silly addNameRange { name: 'nan', range: '>=2.10.0 <3.0.0', hasData: false }
94 silly mapToRegistry name nan
95 silly mapToRegistry using default registry
96 silly mapToRegistry registry https://registry.npmjs.org/
97 silly mapToRegistry data Result {
97 silly mapToRegistry   raw: 'nan',
97 silly mapToRegistry   scope: null,
97 silly mapToRegistry   escapedName: 'nan',
97 silly mapToRegistry   name: 'nan',
97 silly mapToRegistry   rawSpec: '',
97 silly mapToRegistry   spec: 'latest',
97 silly mapToRegistry   type: 'tag' }
98 silly mapToRegistry uri https://registry.npmjs.org/nan
99 verbose addNameRange registry:https://registry.npmjs.org/nan not in flight; fetching
100 verbose get https://registry.npmjs.org/nan not expired, no request
101 silly addNameRange number 2 { name: 'nan', range: '>=2.10.0 <3.0.0', hasData: true }
102 silly addNameRange versions [ 'nan',
102 silly addNameRange   [ '0.3.0-wip',
102 silly addNameRange     '0.3.0-wip2',
102 silly addNameRange     '0.3.0',
102 silly addNameRange     '0.3.1',
102 silly addNameRange     '0.3.2',
102 silly addNameRange     '0.4.0',
102 silly addNameRange     '0.4.1',
102 silly addNameRange     '0.4.2',
102 silly addNameRange     '0.4.3',
102 silly addNameRange     '0.4.4',
102 silly addNameRange     '0.5.0',
102 silly addNameRange     '0.5.1',
102 silly addNameRange     '0.5.2',
102 silly addNameRange     '0.6.0',
102 silly addNameRange     '0.7.0',
102 silly addNameRange     '0.7.1',
102 silly addNameRange     '0.8.0',
102 silly addNameRange     '1.0.0',
102 silly addNameRange     '1.1.0',
102 silly addNameRange     '1.1.1',
102 silly addNameRange     '1.1.2',
102 silly addNameRange     '1.2.0',
102 silly addNameRange     '1.3.0',
102 silly addNameRange     '1.4.0',
102 silly addNameRange     '1.4.1',
102 silly addNameRange     '1.5.0',
102 silly addNameRange     '1.4.2',
102 silly addNameRange     '1.4.3',
102 silly addNameRange     '1.5.1',
102 silly addNameRange     '1.5.2',
102 silly addNameRange     '1.6.0',
102 silly addNameRange     '1.5.3',
102 silly addNameRange     '1.6.1',
102 silly addNameRange     '1.6.2',
102 silly addNameRange     '1.7.0',
102 silly addNameRange     '1.8.0',
102 silly addNameRange     '1.8.1',
102 silly addNameRange     '1.8.2',
102 silly addNameRange     '1.8.3',
102 silly addNameRange     '1.8.4',
102 silly addNameRange     '1.9.0',
102 silly addNameRange     '2.0.0',
102 silly addNameRange     '2.0.1',
102 silly addNameRange     '2.0.2',
102 silly addNameRange     '2.0.3',
102 silly addNameRange     '2.0.4',
102 silly addNameRange     '2.0.5',
102 silly addNameRange     '2.0.6',
102 silly addNameRange     '2.0.7',
102 silly addNameRange     '2.0.8',
102 silly addNameRange     '2.0.9',
102 silly addNameRange     '2.1.0',
102 silly addNameRange     '2.2.0',
102 silly addNameRange     '2.2.1',
102 silly addNameRange     '2.3.0',
102 silly addNameRange     '2.3.1',
102 silly addNameRange     '2.3.2',
102 silly addNameRange     '2.3.3',
102 silly addNameRange     '2.3.4',
102 silly addNameRange     '2.3.5',
102 silly addNameRange     '2.4.0',
102 silly addNameRange     '2.5.0',
102 silly addNameRange     '2.5.1',
102 silly addNameRange     '2.6.0',
102 silly addNameRange     '2.6.1',
102 silly addNameRange     '2.6.2',
102 silly addNameRange     '2.7.0',
102 silly addNameRange     '2.8.0',
102 silly addNameRange     '2.9.1',
102 silly addNameRange     '2.9.2',
102 silly addNameRange     '2.10.0' ] ]
103 silly addNamed nan@2.10.0
104 verbose addNamed "2.10.0" is a plain semver version for nan
105 silly mapToRegistry name nan
106 silly mapToRegistry using default registry
107 silly mapToRegistry registry https://registry.npmjs.org/
108 silly mapToRegistry data Result {
108 silly mapToRegistry   raw: 'nan',
108 silly mapToRegistry   scope: null,
108 silly mapToRegistry   escapedName: 'nan',
108 silly mapToRegistry   name: 'nan',
108 silly mapToRegistry   rawSpec: '',
108 silly mapToRegistry   spec: 'latest',
108 silly mapToRegistry   type: 'tag' }
109 silly mapToRegistry uri https://registry.npmjs.org/nan
110 verbose addRemoteTarball https://registry.npmjs.org/nan/-/nan-2.10.0.tgz not in flight; adding
111 verbose addRemoteTarball [ 'https://registry.npmjs.org/nan/-/nan-2.10.0.tgz',
111 verbose addRemoteTarball   '96d0cd610ebd58d4b4de9cc0c6828cda99c7548f' ]
112 info retry fetch attempt 1 at 00:24:35
113 info attempt registry request try #1 at 00:24:35
114 http fetch GET https://registry.npmjs.org/nan/-/nan-2.10.0.tgz
115 http fetch 200 https://registry.npmjs.org/nan/-/nan-2.10.0.tgz
116 silly fetchAndShaCheck shasum 96d0cd610ebd58d4b4de9cc0c6828cda99c7548f
117 verbose addTmpTarball C:\Users\_\AppData\Local\Temp\npm-13684-75644192\registry.npmjs.org\nan\-\nan-2.10.0.tgz not in flight; adding
118 verbose addTmpTarball already have metadata; skipping unpack for nan@2.10.0
119 verbose correctMkdir C:\Users\_\AppData\Roaming\npm-cache correctMkdir not in flight; initializing
120 silly cache afterAdd nan@2.10.0
121 verbose afterAdd C:\Users\_\AppData\Roaming\npm-cache\nan\2.10.0\package\package.json not in flight; writing
122 verbose correctMkdir C:\Users\_\AppData\Roaming\npm-cache correctMkdir not in flight; initializing
123 verbose afterAdd C:\Users\_\AppData\Roaming\npm-cache\nan\2.10.0\package\package.json written
124 silly loadAllDepsIntoIdealTree Finishing
125 silly loadIdealTree Finishing
126 silly currentTree test
126 silly currentTree +-- @babel/polyfill@7.0.0-beta.39
126 silly currentTree | `-- regenerator-runtime@0.11.1
126 silly currentTree +-- @protobufjs/aspromise@1.1.2
126 silly currentTree +-- @protobufjs/base64@1.1.2
126 silly currentTree +-- @protobufjs/codegen@2.0.4
126 silly currentTree +-- @protobufjs/eventemitter@1.1.0
126 silly currentTree +-- @protobufjs/fetch@1.1.0
126 silly currentTree +-- @protobufjs/float@1.0.2
126 silly currentTree +-- @protobufjs/inquire@1.1.0
126 silly currentTree +-- @protobufjs/path@1.1.2
126 silly currentTree +-- @protobufjs/pool@1.1.0
126 silly currentTree +-- @protobufjs/utf8@1.1.0
126 silly currentTree +-- @types/long@3.0.32
126 silly currentTree +-- @types/node@6.0.112
126 silly currentTree +-- accepts@1.3.5
126 silly currentTree +-- acorn@5.6.2
126 silly currentTree +-- align-text@0.1.4
126 silly currentTree +-- amdefine@1.0.1
126 silly currentTree +-- array-flatten@1.1.1
126 silly currentTree +-- axios@0.17.1
126 silly currentTree +-- babel-polyfill@6.26.0
126 silly currentTree +-- babel-runtime@6.26.0
126 silly currentTree | `-- regenerator-runtime@0.11.1
126 silly currentTree +-- bit-twiddle@1.0.2
126 silly currentTree +-- bluebird@3.5.1
126 silly currentTree +-- body-parser@1.18.2
126 silly currentTree +-- buffer-from@1.1.0
126 silly currentTree +-- bytes@3.0.0
126 silly currentTree +-- camelcase@1.2.1
126 silly currentTree +-- center-align@0.1.3
126 silly currentTree +-- cliui@2.1.0
126 silly currentTree +-- concat-stream@1.6.2
126 silly currentTree | `-- readable-stream@2.3.6
126 silly currentTree +-- content-disposition@0.5.2
126 silly currentTree +-- content-type@1.0.4
126 silly currentTree +-- cookie-signature@1.0.6
126 silly currentTree +-- cookie@0.3.1
126 silly currentTree +-- core-js@2.5.7
126 silly currentTree +-- core-util-is@1.0.2
126 silly currentTree +-- csv-parse@2.5.0
126 silly currentTree +-- cwise-compiler@1.1.3
126 silly currentTree +-- cwise-parser@1.0.3
126 silly currentTree +-- cwise@1.0.10
126 silly currentTree +-- debug@2.6.9
126 silly currentTree +-- decamelize@1.2.0
126 silly currentTree +-- depd@1.1.2
126 silly currentTree +-- destroy@1.0.4
126 silly currentTree +-- dup@1.0.0
126 silly currentTree +-- duplexer2@0.0.2
126 silly currentTree | +-- isarray@0.0.1
126 silly currentTree | +-- readable-stream@1.1.14
126 silly currentTree | `-- string_decoder@0.10.31
126 silly currentTree +-- ee-first@1.1.1
126 silly currentTree +-- encodeurl@1.0.2
126 silly currentTree +-- escape-html@1.0.3
126 silly currentTree +-- escodegen@1.3.3
126 silly currentTree | `-- esprima@1.1.1
126 silly currentTree +-- esprima@1.2.5
126 silly currentTree +-- estraverse@1.5.1
126 silly currentTree +-- esutils@1.0.0
126 silly currentTree +-- etag@1.8.1
126 silly currentTree +-- eventemitter3@3.1.0
126 silly currentTree +-- express@4.16.3
126 silly currentTree +-- falafel@2.1.0
126 silly currentTree | `-- isarray@0.0.1
126 silly currentTree +-- finalhandler@1.1.1
126 silly currentTree +-- follow-redirects@1.5.0
126 silly currentTree | `-- debug@3.1.0
126 silly currentTree +-- foreach@2.0.5
126 silly currentTree +-- forwarded@0.1.2
126 silly currentTree +-- fresh@0.5.2
126 silly currentTree +-- function-bind@1.1.1
126 silly currentTree +-- has@1.0.3
126 silly currentTree +-- http-errors@1.6.3
126 silly currentTree +-- iconv-lite@0.4.19
126 silly currentTree +-- inherits@2.0.3
126 silly currentTree +-- iota-array@1.0.0
126 silly currentTree +-- ipaddr.js@1.6.0
126 silly currentTree +-- is-buffer@1.1.6
126 silly currentTree +-- isarray@1.0.0
126 silly currentTree +-- keras-js@1.0.3
126 silly currentTree +-- kind-of@3.2.2
126 silly currentTree +-- lazy-cache@1.0.4
126 silly currentTree +-- lodash@4.17.10
126 silly currentTree +-- long@4.0.0
126 silly currentTree +-- longest@1.0.1
126 silly currentTree +-- media-typer@0.3.0
126 silly currentTree +-- merge-descriptors@1.0.1
126 silly currentTree +-- methods@1.1.2
126 silly currentTree +-- mime-db@1.33.0
126 silly currentTree +-- mime-types@2.1.18
126 silly currentTree +-- mime@1.4.1
126 silly currentTree +-- minimist@0.0.8
126 silly currentTree +-- ms@2.0.0
126 silly currentTree +-- ndarray-blas-level1@1.1.3
126 silly currentTree +-- ndarray-blas-level2@1.1.0
126 silly currentTree +-- ndarray-concat-rows@1.0.1
126 silly currentTree +-- ndarray-fft@1.0.3
126 silly currentTree +-- ndarray-gemm@1.0.0
126 silly currentTree +-- ndarray-ops@1.2.2
126 silly currentTree +-- ndarray-resample@1.0.1
126 silly currentTree +-- ndarray-scratch@1.2.0
126 silly currentTree +-- ndarray-squeeze@1.0.2
126 silly currentTree +-- ndarray-tile@1.0.3
126 silly currentTree +-- ndarray-unpack@1.0.0
126 silly currentTree +-- ndarray-unsqueeze@1.0.3
126 silly currentTree +-- ndarray@1.0.18
126 silly currentTree +-- negotiator@0.6.1
126 silly currentTree +-- object-inspect@0.4.0
126 silly currentTree +-- object-keys@1.0.11
126 silly currentTree +-- on-finished@2.3.0
126 silly currentTree +-- parseurl@1.3.2
126 silly currentTree +-- path-to-regexp@0.1.7
126 silly currentTree +-- performance-now@2.1.0
126 silly currentTree +-- process-nextick-args@2.0.0
126 silly currentTree +-- protobufjs@6.8.6
126 silly currentTree | `-- @types/node@8.10.19
126 silly currentTree +-- proxy-addr@2.0.3
126 silly currentTree +-- qs@6.5.1
126 silly currentTree +-- quote-stream@0.0.0
126 silly currentTree +-- range-parser@1.2.0
126 silly currentTree +-- raw-body@2.3.2
126 silly currentTree | +-- depd@1.1.1
126 silly currentTree | +-- http-errors@1.6.2
126 silly currentTree | `-- setprototypeof@1.0.3
126 silly currentTree +-- readable-stream@1.0.34
126 silly currentTree | +-- isarray@0.0.1
126 silly currentTree | `-- string_decoder@0.10.31
126 silly currentTree +-- regenerator-runtime@0.10.5
126 silly currentTree +-- repeat-string@1.6.1
126 silly currentTree +-- right-align@0.1.3
126 silly currentTree +-- safe-buffer@5.1.1
126 silly currentTree +-- send@0.16.2
126 silly currentTree +-- serve-static@1.13.2
126 silly currentTree +-- setprototypeof@1.1.0
126 silly currentTree +-- shallow-copy@0.0.1
126 silly currentTree +-- source-map@0.1.43
126 silly currentTree +-- static-eval@0.2.4
126 silly currentTree | +-- escodegen@0.0.28
126 silly currentTree | +-- esprima@1.0.4
126 silly currentTree | `-- estraverse@1.3.2
126 silly currentTree +-- static-module@1.5.0
126 silly currentTree +-- statuses@1.4.0
126 silly currentTree +-- string_decoder@1.1.1
126 silly currentTree +-- technicalindicators@1.1.11
126 silly currentTree +-- through2@0.4.2
126 silly currentTree +-- type-is@1.6.16
126 silly currentTree +-- typedarray-pool@1.1.0
126 silly currentTree +-- typedarray@0.0.6
126 silly currentTree +-- uglify-js@2.8.29
126 silly currentTree | `-- source-map@0.5.7
126 silly currentTree +-- uglify-to-browserify@1.0.2
126 silly currentTree +-- uniq@1.0.1
126 silly currentTree +-- unpipe@1.0.0
126 silly currentTree +-- util-deprecate@1.0.2
126 silly currentTree +-- util-extend@1.0.3
126 silly currentTree +-- utils-merge@1.0.1
126 silly currentTree +-- vary@1.1.2
126 silly currentTree +-- window-size@0.1.0
126 silly currentTree +-- wordwrap@0.0.2
126 silly currentTree +-- xtend@2.1.2
126 silly currentTree | `-- object-keys@0.4.0
126 silly currentTree `-- yargs@3.10.0
127 silly idealTree test
127 silly idealTree +-- @babel/polyfill@7.0.0-beta.39
127 silly idealTree | `-- regenerator-runtime@0.11.1
127 silly idealTree +-- @protobufjs/aspromise@1.1.2
127 silly idealTree +-- @protobufjs/base64@1.1.2
127 silly idealTree +-- @protobufjs/codegen@2.0.4
127 silly idealTree +-- @protobufjs/eventemitter@1.1.0
127 silly idealTree +-- @protobufjs/fetch@1.1.0
127 silly idealTree +-- @protobufjs/float@1.0.2
127 silly idealTree +-- @protobufjs/inquire@1.1.0
127 silly idealTree +-- @protobufjs/path@1.1.2
127 silly idealTree +-- @protobufjs/pool@1.1.0
127 silly idealTree +-- @protobufjs/utf8@1.1.0
127 silly idealTree +-- @types/long@3.0.32
127 silly idealTree +-- @types/node@6.0.112
127 silly idealTree +-- accepts@1.3.5
127 silly idealTree +-- acorn@5.6.2
127 silly idealTree +-- align-text@0.1.4
127 silly idealTree +-- amdefine@1.0.1
127 silly idealTree +-- array-flatten@1.1.1
127 silly idealTree +-- axios@0.17.1
127 silly idealTree +-- babel-polyfill@6.26.0
127 silly idealTree +-- babel-runtime@6.26.0
127 silly idealTree | `-- regenerator-runtime@0.11.1
127 silly idealTree +-- bit-twiddle@1.0.2
127 silly idealTree +-- bluebird@3.5.1
127 silly idealTree +-- body-parser@1.18.2
127 silly idealTree +-- buffer-from@1.1.0
127 silly idealTree +-- bytes@3.0.0
127 silly idealTree +-- camelcase@1.2.1
127 silly idealTree +-- center-align@0.1.3
127 silly idealTree +-- cliui@2.1.0
127 silly idealTree +-- concat-stream@1.6.2
127 silly idealTree | `-- readable-stream@2.3.6
127 silly idealTree +-- content-disposition@0.5.2
127 silly idealTree +-- content-type@1.0.4
127 silly idealTree +-- cookie-signature@1.0.6
127 silly idealTree +-- cookie@0.3.1
127 silly idealTree +-- core-js@2.5.7
127 silly idealTree +-- core-util-is@1.0.2
127 silly idealTree +-- csv-parse@2.5.0
127 silly idealTree +-- cwise-compiler@1.1.3
127 silly idealTree +-- cwise-parser@1.0.3
127 silly idealTree +-- cwise@1.0.10
127 silly idealTree +-- debug@2.6.9
127 silly idealTree +-- decamelize@1.2.0
127 silly idealTree +-- depd@1.1.2
127 silly idealTree +-- destroy@1.0.4
127 silly idealTree +-- dup@1.0.0
127 silly idealTree +-- duplexer2@0.0.2
127 silly idealTree | +-- isarray@0.0.1
127 silly idealTree | +-- readable-stream@1.1.14
127 silly idealTree | `-- string_decoder@0.10.31
127 silly idealTree +-- ee-first@1.1.1
127 silly idealTree +-- encodeurl@1.0.2
127 silly idealTree +-- escape-html@1.0.3
127 silly idealTree +-- escodegen@1.3.3
127 silly idealTree | `-- esprima@1.1.1
127 silly idealTree +-- esprima@1.2.5
127 silly idealTree +-- estraverse@1.5.1
127 silly idealTree +-- esutils@1.0.0
127 silly idealTree +-- etag@1.8.1
127 silly idealTree +-- eventemitter3@3.1.0
127 silly idealTree +-- express@4.16.3
127 silly idealTree +-- falafel@2.1.0
127 silly idealTree | `-- isarray@0.0.1
127 silly idealTree +-- finalhandler@1.1.1
127 silly idealTree +-- follow-redirects@1.5.0
127 silly idealTree | `-- debug@3.1.0
127 silly idealTree +-- foreach@2.0.5
127 silly idealTree +-- forwarded@0.1.2
127 silly idealTree +-- fresh@0.5.2
127 silly idealTree +-- function-bind@1.1.1
127 silly idealTree +-- has@1.0.3
127 silly idealTree +-- http-errors@1.6.3
127 silly idealTree +-- iconv-lite@0.4.19
127 silly idealTree +-- inherits@2.0.3
127 silly idealTree +-- iota-array@1.0.0
127 silly idealTree +-- ipaddr.js@1.6.0
127 silly idealTree +-- is-buffer@1.1.6
127 silly idealTree +-- isarray@1.0.0
127 silly idealTree +-- keras-js@1.0.3
127 silly idealTree +-- kind-of@3.2.2
127 silly idealTree +-- lazy-cache@1.0.4
127 silly idealTree +-- lodash@4.17.10
127 silly idealTree +-- long@4.0.0
127 silly idealTree +-- longest@1.0.1
127 silly idealTree +-- media-typer@0.3.0
127 silly idealTree +-- merge-descriptors@1.0.1
127 silly idealTree +-- methods@1.1.2
127 silly idealTree +-- mime-db@1.33.0
127 silly idealTree +-- mime-types@2.1.18
127 silly idealTree +-- mime@1.4.1
127 silly idealTree +-- minimist@0.0.8
127 silly idealTree +-- ms@2.0.0
127 silly idealTree +-- nan@2.10.0
127 silly idealTree +-- ndarray-blas-level1@1.1.3
127 silly idealTree +-- ndarray-blas-level2@1.1.0
127 silly idealTree +-- ndarray-concat-rows@1.0.1
127 silly idealTree +-- ndarray-fft@1.0.3
127 silly idealTree +-- ndarray-gemm@1.0.0
127 silly idealTree +-- ndarray-ops@1.2.2
127 silly idealTree +-- ndarray-resample@1.0.1
127 silly idealTree +-- ndarray-scratch@1.2.0
127 silly idealTree +-- ndarray-squeeze@1.0.2
127 silly idealTree +-- ndarray-tile@1.0.3
127 silly idealTree +-- ndarray-unpack@1.0.0
127 silly idealTree +-- ndarray-unsqueeze@1.0.3
127 silly idealTree +-- ndarray@1.0.18
127 silly idealTree +-- negotiator@0.6.1
127 silly idealTree +-- object-inspect@0.4.0
127 silly idealTree +-- object-keys@1.0.11
127 silly idealTree +-- on-finished@2.3.0
127 silly idealTree +-- parseurl@1.3.2
127 silly idealTree +-- path-to-regexp@0.1.7
127 silly idealTree +-- performance-now@2.1.0
127 silly idealTree +-- process-nextick-args@2.0.0
127 silly idealTree +-- protobufjs@6.8.6
127 silly idealTree | `-- @types/node@8.10.19
127 silly idealTree +-- proxy-addr@2.0.3
127 silly idealTree +-- qs@6.5.1
127 silly idealTree +-- quote-stream@0.0.0
127 silly idealTree +-- range-parser@1.2.0
127 silly idealTree +-- raw-body@2.3.2
127 silly idealTree | +-- depd@1.1.1
127 silly idealTree | +-- http-errors@1.6.2
127 silly idealTree | `-- setprototypeof@1.0.3
127 silly idealTree +-- readable-stream@1.0.34
127 silly idealTree | +-- isarray@0.0.1
127 silly idealTree | `-- string_decoder@0.10.31
127 silly idealTree +-- regenerator-runtime@0.10.5
127 silly idealTree +-- repeat-string@1.6.1
127 silly idealTree +-- right-align@0.1.3
127 silly idealTree +-- safe-buffer@5.1.1
127 silly idealTree +-- send@0.16.2
127 silly idealTree +-- serve-static@1.13.2
127 silly idealTree +-- setprototypeof@1.1.0
127 silly idealTree +-- shallow-copy@0.0.1
127 silly idealTree +-- source-map@0.1.43
127 silly idealTree +-- static-eval@0.2.4
127 silly idealTree | +-- escodegen@0.0.28
127 silly idealTree | +-- esprima@1.0.4
127 silly idealTree | `-- estraverse@1.3.2
127 silly idealTree +-- static-module@1.5.0
127 silly idealTree +-- statuses@1.4.0
127 silly idealTree +-- string_decoder@1.1.1
127 silly idealTree +-- talib@1.0.5
127 silly idealTree +-- technicalindicators@1.1.11
127 silly idealTree +-- through2@0.4.2
127 silly idealTree +-- type-is@1.6.16
127 silly idealTree +-- typedarray-pool@1.1.0
127 silly idealTree +-- typedarray@0.0.6
127 silly idealTree +-- uglify-js@2.8.29
127 silly idealTree | `-- source-map@0.5.7
127 silly idealTree +-- uglify-to-browserify@1.0.2
127 silly idealTree +-- uniq@1.0.1
127 silly idealTree +-- unpipe@1.0.0
127 silly idealTree +-- util-deprecate@1.0.2
127 silly idealTree +-- util-extend@1.0.3
127 silly idealTree +-- utils-merge@1.0.1
127 silly idealTree +-- vary@1.1.2
127 silly idealTree +-- window-size@0.1.0
127 silly idealTree +-- wordwrap@0.0.2
127 silly idealTree +-- xtend@2.1.2
127 silly idealTree | `-- object-keys@0.4.0
127 silly idealTree `-- yargs@3.10.0
128 silly generateActionsToTake Starting
129 silly install generateActionsToTake
130 silly generateActionsToTake Finishing
131 silly diffTrees action count 2
132 silly diffTrees add nan@2.10.0
133 silly diffTrees add talib@1.0.5
134 silly decomposeActions action count 16
135 silly decomposeActions fetch nan@2.10.0
136 silly decomposeActions extract nan@2.10.0
137 silly decomposeActions test nan@2.10.0
138 silly decomposeActions preinstall nan@2.10.0
139 silly decomposeActions build nan@2.10.0
140 silly decomposeActions install nan@2.10.0
141 silly decomposeActions postinstall nan@2.10.0
142 silly decomposeActions finalize nan@2.10.0
143 silly decomposeActions fetch talib@1.0.5
144 silly decomposeActions extract talib@1.0.5
145 silly decomposeActions test talib@1.0.5
146 silly decomposeActions preinstall talib@1.0.5
147 silly decomposeActions build talib@1.0.5
148 silly decomposeActions install talib@1.0.5
149 silly decomposeActions postinstall talib@1.0.5
150 silly decomposeActions finalize talib@1.0.5
151 silly runTopLevelLifecycles Starting
152 silly executeActions Starting
153 silly install executeActions
154 silly doSerial global-install 0
155 silly doParallel fetch 2
156 verbose correctMkdir C:\Users\_\AppData\Roaming\npm-cache\_locks correctMkdir not in flight; initializing
157 verbose lock using C:\Users\_\AppData\Roaming\npm-cache\_locks\staging-1fdae3e498f47fbf.lock for C:\Users\_\Desktop\test\node_modules\.staging
158 silly doParallel extract 2
159 silly extract nan@2.10.0
160 silly extract talib@1.0.5
161 verbose unbuild node_modules\.staging\nan-575959fa
162 verbose unbuild node_modules\.staging\talib-a22b21ea
163 silly gentlyRm C:\Users\_\Desktop\test\node_modules\.staging\nan-575959fa is being purged from base C:\Users\_\Desktop\test
164 verbose gentlyRm don't care about contents; nuking C:\Users\_\Desktop\test\node_modules\.staging\nan-575959fa
165 verbose tar unpack C:\Users\_\AppData\Roaming\npm-cache\nan\2.10.0\package.tgz
166 verbose tar unpacking to C:\Users\_\Desktop\test\node_modules\.staging\nan-575959fa
167 silly gentlyRm C:\Users\_\Desktop\test\node_modules\.staging\nan-575959fa is being purged
168 verbose gentlyRm don't care about contents; nuking C:\Users\_\Desktop\test\node_modules\.staging\nan-575959fa
169 silly gentlyRm C:\Users\_\Desktop\test\node_modules\.staging\talib-a22b21ea is being purged from base C:\Users\_\Desktop\test
170 verbose gentlyRm don't care about contents; nuking C:\Users\_\Desktop\test\node_modules\.staging\talib-a22b21ea
171 silly gunzTarPerm modes [ '777', '666' ]
172 verbose tar unpack C:\Users\_\AppData\Roaming\npm-cache\talib\1.0.5\package.tgz
173 verbose tar unpacking to C:\Users\_\Desktop\test\node_modules\.staging\talib-a22b21ea
174 silly gentlyRm C:\Users\_\Desktop\test\node_modules\.staging\talib-a22b21ea is being purged
175 verbose gentlyRm don't care about contents; nuking C:\Users\_\Desktop\test\node_modules\.staging\talib-a22b21ea
176 silly gunzTarPerm modes [ '777', '666' ]
177 silly gunzTarPerm extractEntry package.json
178 silly gunzTarPerm modified mode [ 'package.json', 436, 438 ]
179 silly gunzTarPerm extractEntry package.json
180 silly gunzTarPerm modified mode [ 'package.json', 420, 438 ]
181 silly gunzTarPerm extractEntry binding.gyp
182 silly gunzTarPerm modified mode [ 'binding.gyp', 420, 438 ]
183 silly gunzTarPerm extractEntry COPYING
184 silly gunzTarPerm modified mode [ 'COPYING', 420, 438 ]
185 silly gunzTarPerm extractEntry CHANGELOG.md
186 silly gunzTarPerm modified mode [ 'CHANGELOG.md', 436, 438 ]
187 silly gunzTarPerm extractEntry include_dirs.js
188 silly gunzTarPerm modified mode [ 'include_dirs.js', 436, 438 ]
189 silly gunzTarPerm extractEntry HISTORY
190 silly gunzTarPerm modified mode [ 'HISTORY', 420, 438 ]
191 silly gunzTarPerm extractEntry Readme.md
192 silly gunzTarPerm modified mode [ 'Readme.md', 420, 438 ]
193 silly gunzTarPerm extractEntry LICENSE.md
194 silly gunzTarPerm modified mode [ 'LICENSE.md', 436, 438 ]
195 silly gunzTarPerm extractEntry nan_callbacks_12_inl.h
196 silly gunzTarPerm modified mode [ 'nan_callbacks_12_inl.h', 436, 438 ]
197 silly gunzTarPerm extractEntry nan_callbacks_pre_12_inl.h
198 silly gunzTarPerm modified mode [ 'nan_callbacks_pre_12_inl.h', 436, 438 ]
199 silly gunzTarPerm extractEntry nan_callbacks.h
200 silly gunzTarPerm modified mode [ 'nan_callbacks.h', 436, 438 ]
201 silly gunzTarPerm extractEntry src/lib/build.js
202 silly gunzTarPerm modified mode [ 'src/lib/build.js', 420, 438 ]
203 silly gunzTarPerm extractEntry nan_converters_43_inl.h
204 silly gunzTarPerm modified mode [ 'nan_converters_43_inl.h', 436, 438 ]
205 silly gunzTarPerm extractEntry nan_converters_pre_43_inl.h
206 silly gunzTarPerm modified mode [ 'nan_converters_pre_43_inl.h', 436, 438 ]
207 silly gunzTarPerm extractEntry nan_converters.h
208 silly gunzTarPerm modified mode [ 'nan_converters.h', 436, 438 ]
209 silly gunzTarPerm extractEntry nan_define_own_property_helper.h
210 silly gunzTarPerm modified mode [ 'nan_define_own_property_helper.h', 436, 438 ]
211 silly gunzTarPerm extractEntry src/lib/clean.js
212 silly gunzTarPerm modified mode [ 'src/lib/clean.js', 420, 438 ]
213 silly gunzTarPerm extractEntry src/lib/include/Makefile.am
214 silly gunzTarPerm modified mode [ 'src/lib/include/Makefile.am', 420, 438 ]
215 silly gunzTarPerm extractEntry nan_implementation_12_inl.h
216 silly gunzTarPerm modified mode [ 'nan_implementation_12_inl.h', 436, 438 ]
217 silly gunzTarPerm extractEntry nan_implementation_pre_12_inl.h
218 silly gunzTarPerm modified mode [ 'nan_implementation_pre_12_inl.h', 436, 438 ]
219 silly gunzTarPerm extractEntry nan_json.h
220 silly gunzTarPerm modified mode [ 'nan_json.h', 436, 438 ]
221 silly gunzTarPerm extractEntry nan_maybe_43_inl.h
222 silly gunzTarPerm modified mode [ 'nan_maybe_43_inl.h', 436, 438 ]
223 silly gunzTarPerm extractEntry src/lib/include/ta_abstract.h
224 silly gunzTarPerm modified mode [ 'src/lib/include/ta_abstract.h', 420, 438 ]
225 silly gunzTarPerm extractEntry src/lib/include/ta_common.h
226 silly gunzTarPerm modified mode [ 'src/lib/include/ta_common.h', 420, 438 ]
227 silly gunzTarPerm extractEntry nan_maybe_pre_43_inl.h
228 silly gunzTarPerm modified mode [ 'nan_maybe_pre_43_inl.h', 436, 438 ]
229 silly gunzTarPerm extractEntry nan_new.h
230 silly gunzTarPerm modified mode [ 'nan_new.h', 436, 438 ]
231 silly gunzTarPerm extractEntry nan_object_wrap.h
232 silly gunzTarPerm modified mode [ 'nan_object_wrap.h', 436, 438 ]
233 silly gunzTarPerm extractEntry src/lib/include/ta_config.h.cmake
234 silly gunzTarPerm modified mode [ 'src/lib/include/ta_config.h.cmake', 420, 438 ]
235 silly gunzTarPerm extractEntry src/lib/include/ta_defs.h
236 silly gunzTarPerm modified mode [ 'src/lib/include/ta_defs.h', 420, 438 ]
237 silly gunzTarPerm extractEntry nan_persistent_12_inl.h
238 silly gunzTarPerm modified mode [ 'nan_persistent_12_inl.h', 436, 438 ]
239 silly gunzTarPerm extractEntry nan_persistent_pre_12_inl.h
240 silly gunzTarPerm modified mode [ 'nan_persistent_pre_12_inl.h', 436, 438 ]
241 silly gunzTarPerm extractEntry src/lib/include/ta_func.h
242 silly gunzTarPerm modified mode [ 'src/lib/include/ta_func.h', 420, 438 ]
243 silly gunzTarPerm extractEntry src/lib/include/ta_libc.h
244 silly gunzTarPerm modified mode [ 'src/lib/include/ta_libc.h', 420, 438 ]
245 silly gunzTarPerm extractEntry nan_private.h
246 silly gunzTarPerm modified mode [ 'nan_private.h', 436, 438 ]
247 silly gunzTarPerm extractEntry nan_string_bytes.h
248 silly gunzTarPerm modified mode [ 'nan_string_bytes.h', 436, 438 ]
249 silly gunzTarPerm extractEntry src/lib/lib/HOLDER
250 silly gunzTarPerm modified mode [ 'src/lib/lib/HOLDER', 420, 438 ]
251 silly gunzTarPerm extractEntry src/lib/make/csr/linux/g++/Makefile
252 silly gunzTarPerm modified mode [ 'src/lib/make/csr/linux/g++/Makefile', 420, 438 ]
253 silly gunzTarPerm extractEntry src/lib/make/csr/linux/g++/ta_abstract/Makefile
254 silly gunzTarPerm modified mode [ 'src/lib/make/csr/linux/g++/ta_abstract/Makefile', 420, 438 ]
255 silly gunzTarPerm extractEntry src/lib/make/csr/linux/g++/ta_common/Makefile
256 silly gunzTarPerm modified mode [ 'src/lib/make/csr/linux/g++/ta_common/Makefile', 420, 438 ]
257 silly gunzTarPerm extractEntry src/lib/make/csr/linux/g++/ta_func/Makefile
258 silly gunzTarPerm modified mode [ 'src/lib/make/csr/linux/g++/ta_func/Makefile', 420, 438 ]
259 silly gunzTarPerm extractEntry src/lib/make/csr/linux/g++/ta_libc/Makefile
260 silly gunzTarPerm modified mode [ 'src/lib/make/csr/linux/g++/ta_libc/Makefile', 420, 438 ]
261 silly gunzTarPerm extractEntry nan_typedarray_contents.h
262 silly gunzTarPerm modified mode [ 'nan_typedarray_contents.h', 436, 438 ]
263 silly gunzTarPerm extractEntry nan_weak.h
264 silly gunzTarPerm modified mode [ 'nan_weak.h', 436, 438 ]
265 silly gunzTarPerm extractEntry src/lib/make/csr/windows/msbuild/.vs/ta_lib/v14/.suo
266 silly gunzTarPerm modified mode [ 'src/lib/make/csr/windows/msbuild/.vs/ta_lib/v14/.suo',
266 silly gunzTarPerm   420,
266 silly gunzTarPerm   438 ]
267 silly gunzTarPerm extractEntry src/lib/make/csr/windows/msbuild/ta_abstract/ta_abstract.vcproj
268 silly gunzTarPerm modified mode [ 'src/lib/make/csr/windows/msbuild/ta_abstract/ta_abstract.vcproj',
268 silly gunzTarPerm   420,
268 silly gunzTarPerm   438 ]
269 silly gunzTarPerm extractEntry nan.h
270 silly gunzTarPerm modified mode [ 'nan.h', 436, 438 ]
271 silly gunzTarPerm extractEntry README.md
272 silly gunzTarPerm modified mode [ 'README.md', 436, 438 ]
273 silly gunzTarPerm extractEntry src/lib/make/csr/windows/msbuild/ta_abstract/ta_abstract.vcxproj
274 silly gunzTarPerm modified mode [ 'src/lib/make/csr/windows/msbuild/ta_abstract/ta_abstract.vcxproj',
274 silly gunzTarPerm   420,
274 silly gunzTarPerm   438 ]
275 silly gunzTarPerm extractEntry src/lib/make/csr/windows/msbuild/ta_abstract/ta_abstract.vcxproj.filters
276 silly gunzTarPerm modified mode [ 'src/lib/make/csr/windows/msbuild/ta_abstract/ta_abstract.vcxproj.filters',
276 silly gunzTarPerm   420,
276 silly gunzTarPerm   438 ]
277 silly gunzTarPerm extractEntry doc/asyncworker.md
278 silly gunzTarPerm modified mode [ 'doc/asyncworker.md', 436, 438 ]
279 silly gunzTarPerm extractEntry src/lib/make/csr/windows/msbuild/ta_abstract/ta_abstract.vcxproj.user
280 silly gunzTarPerm modified mode [ 'src/lib/make/csr/windows/msbuild/ta_abstract/ta_abstract.vcxproj.user',
280 silly gunzTarPerm   420,
280 silly gunzTarPerm   438 ]
281 silly gunzTarPerm extractEntry src/lib/make/csr/windows/msbuild/ta_common/ta_common.vcproj
282 silly gunzTarPerm modified mode [ 'src/lib/make/csr/windows/msbuild/ta_common/ta_common.vcproj',
282 silly gunzTarPerm   420,
282 silly gunzTarPerm   438 ]
283 silly gunzTarPerm extractEntry doc/buffers.md
284 silly gunzTarPerm modified mode [ 'doc/buffers.md', 436, 438 ]
285 silly gunzTarPerm extractEntry doc/callback.md
286 silly gunzTarPerm modified mode [ 'doc/callback.md', 436, 438 ]
287 silly gunzTarPerm extractEntry doc/converters.md
288 silly gunzTarPerm modified mode [ 'doc/converters.md', 436, 438 ]
289 silly gunzTarPerm extractEntry doc/errors.md
290 silly gunzTarPerm modified mode [ 'doc/errors.md', 436, 438 ]
291 silly gunzTarPerm extractEntry src/lib/make/csr/windows/msbuild/ta_common/ta_common.vcxproj
292 silly gunzTarPerm modified mode [ 'src/lib/make/csr/windows/msbuild/ta_common/ta_common.vcxproj',
292 silly gunzTarPerm   420,
292 silly gunzTarPerm   438 ]
293 silly gunzTarPerm extractEntry src/lib/make/csr/windows/msbuild/ta_common/ta_common.vcxproj.filters
294 silly gunzTarPerm modified mode [ 'src/lib/make/csr/windows/msbuild/ta_common/ta_common.vcxproj.filters',
294 silly gunzTarPerm   420,
294 silly gunzTarPerm   438 ]
295 silly gunzTarPerm extractEntry src/lib/make/csr/windows/msbuild/ta_common/ta_common.vcxproj.user
296 silly gunzTarPerm modified mode [ 'src/lib/make/csr/windows/msbuild/ta_common/ta_common.vcxproj.user',
296 silly gunzTarPerm   420,
296 silly gunzTarPerm   438 ]
297 silly gunzTarPerm extractEntry src/lib/make/csr/windows/msbuild/ta_func/ta_func.vcproj
298 silly gunzTarPerm modified mode [ 'src/lib/make/csr/windows/msbuild/ta_func/ta_func.vcproj',
298 silly gunzTarPerm   420,
298 silly gunzTarPerm   438 ]
299 silly gunzTarPerm extractEntry src/lib/make/csr/windows/msbuild/ta_func/ta_func.vcxproj
300 silly gunzTarPerm modified mode [ 'src/lib/make/csr/windows/msbuild/ta_func/ta_func.vcxproj',
300 silly gunzTarPerm   420,
300 silly gunzTarPerm   438 ]
301 silly gunzTarPerm extractEntry src/lib/make/csr/windows/msbuild/ta_func/ta_func.vcxproj.filters
302 silly gunzTarPerm modified mode [ 'src/lib/make/csr/windows/msbuild/ta_func/ta_func.vcxproj.filters',
302 silly gunzTarPerm   420,
302 silly gunzTarPerm   438 ]
303 silly gunzTarPerm extractEntry src/lib/make/csr/windows/msbuild/ta_func/ta_func.vcxproj.user
304 silly gunzTarPerm modified mode [ 'src/lib/make/csr/windows/msbuild/ta_func/ta_func.vcxproj.user',
304 silly gunzTarPerm   420,
304 silly gunzTarPerm   438 ]
305 silly gunzTarPerm extractEntry doc/json.md
306 silly gunzTarPerm modified mode [ 'doc/json.md', 436, 438 ]
307 silly gunzTarPerm extractEntry doc/maybe_types.md
308 silly gunzTarPerm modified mode [ 'doc/maybe_types.md', 436, 438 ]
309 silly gunzTarPerm extractEntry src/lib/make/csr/windows/msbuild/ta_lib.sdf
310 silly gunzTarPerm modified mode [ 'src/lib/make/csr/windows/msbuild/ta_lib.sdf', 420, 438 ]
311 silly gunzTarPerm extractEntry doc/methods.md
312 silly gunzTarPerm modified mode [ 'doc/methods.md', 436, 438 ]
313 silly gunzTarPerm extractEntry doc/new.md
314 silly gunzTarPerm modified mode [ 'doc/new.md', 436, 438 ]
315 silly gunzTarPerm extractEntry doc/node_misc.md
316 silly gunzTarPerm modified mode [ 'doc/node_misc.md', 436, 438 ]
317 silly gunzTarPerm extractEntry doc/object_wrappers.md
318 silly gunzTarPerm modified mode [ 'doc/object_wrappers.md', 436, 438 ]
319 silly gunzTarPerm extractEntry doc/persistent.md
320 silly gunzTarPerm modified mode [ 'doc/persistent.md', 436, 438 ]
321 silly gunzTarPerm extractEntry doc/scopes.md
322 silly gunzTarPerm modified mode [ 'doc/scopes.md', 436, 438 ]
323 silly gunzTarPerm extractEntry doc/script.md
324 silly gunzTarPerm modified mode [ 'doc/script.md', 436, 438 ]
325 silly gunzTarPerm extractEntry doc/string_bytes.md
326 silly gunzTarPerm modified mode [ 'doc/string_bytes.md', 436, 438 ]
327 silly gunzTarPerm extractEntry doc/v8_internals.md
328 silly gunzTarPerm modified mode [ 'doc/v8_internals.md', 436, 438 ]
329 silly gunzTarPerm extractEntry doc/v8_misc.md
330 silly gunzTarPerm modified mode [ 'doc/v8_misc.md', 436, 438 ]
331 silly gunzTarPerm extractEntry tools/1to2.js
332 silly gunzTarPerm modified mode [ 'tools/1to2.js', 509, 511 ]
333 silly gunzTarPerm extractEntry tools/package.json
334 silly gunzTarPerm modified mode [ 'tools/package.json', 436, 438 ]
335 silly gunzTarPerm extractEntry tools/README.md
336 silly gunzTarPerm modified mode [ 'tools/README.md', 436, 438 ]
337 silly gentlyRm C:\Users\_\Desktop\test\node_modules\.staging\nan-575959fa\node_modules is being purged
338 verbose gentlyRm don't care about contents; nuking C:\Users\_\Desktop\test\node_modules\.staging\nan-575959fa\node_modules
339 silly gunzTarPerm extractEntry src/lib/make/csr/windows/msbuild/ta_lib.sln
340 silly gunzTarPerm modified mode [ 'src/lib/make/csr/windows/msbuild/ta_lib.sln', 420, 438 ]
341 silly gunzTarPerm extractEntry src/lib/make/csr/windows/msbuild/ta_libc/ta_libc.vcxproj
342 silly gunzTarPerm modified mode [ 'src/lib/make/csr/windows/msbuild/ta_libc/ta_libc.vcxproj',
342 silly gunzTarPerm   420,
342 silly gunzTarPerm   438 ]
343 silly gunzTarPerm extractEntry src/lib/make/csr/windows/msbuild/ta_libc/ta_libc.vcxproj.user
344 silly gunzTarPerm modified mode [ 'src/lib/make/csr/windows/msbuild/ta_libc/ta_libc.vcxproj.user',
344 silly gunzTarPerm   420,
344 silly gunzTarPerm   438 ]
345 silly gunzTarPerm extractEntry src/lib/src/Makefile.am
346 silly gunzTarPerm modified mode [ 'src/lib/src/Makefile.am', 420, 438 ]
347 silly gunzTarPerm extractEntry src/lib/src/ta_abstract/excel_glue.c
348 silly gunzTarPerm modified mode [ 'src/lib/src/ta_abstract/excel_glue.c', 420, 438 ]
349 silly gunzTarPerm extractEntry src/lib/src/ta_abstract/frames/ta_frame.c
350 silly gunzTarPerm modified mode [ 'src/lib/src/ta_abstract/frames/ta_frame.c', 420, 438 ]
351 silly gunzTarPerm extractEntry src/lib/src/ta_abstract/frames/ta_frame.h
352 silly gunzTarPerm modified mode [ 'src/lib/src/ta_abstract/frames/ta_frame.h', 420, 438 ]
353 silly gunzTarPerm extractEntry src/lib/src/ta_abstract/Makefile.am
354 silly gunzTarPerm modified mode [ 'src/lib/src/ta_abstract/Makefile.am', 420, 438 ]
355 silly gunzTarPerm extractEntry src/lib/src/ta_abstract/ta_abstract.c
356 silly gunzTarPerm modified mode [ 'src/lib/src/ta_abstract/ta_abstract.c', 420, 438 ]
357 silly gunzTarPerm extractEntry src/lib/src/ta_abstract/ta_def_ui.c
358 silly gunzTarPerm modified mode [ 'src/lib/src/ta_abstract/ta_def_ui.c', 420, 438 ]
359 silly gunzTarPerm extractEntry src/lib/src/ta_abstract/ta_def_ui.h
360 silly gunzTarPerm modified mode [ 'src/lib/src/ta_abstract/ta_def_ui.h', 420, 438 ]
361 silly gunzTarPerm extractEntry src/lib/src/ta_abstract/ta_frame_priv.h
362 silly gunzTarPerm modified mode [ 'src/lib/src/ta_abstract/ta_frame_priv.h', 420, 438 ]
363 silly gunzTarPerm extractEntry src/lib/src/ta_abstract/ta_func_api.c
364 silly gunzTarPerm modified mode [ 'src/lib/src/ta_abstract/ta_func_api.c', 420, 438 ]
365 silly gunzTarPerm extractEntry src/lib/src/ta_abstract/ta_group_idx.c
366 silly gunzTarPerm modified mode [ 'src/lib/src/ta_abstract/ta_group_idx.c', 420, 438 ]
367 silly gunzTarPerm extractEntry src/lib/src/ta_abstract/ta_java_defs.h
368 silly gunzTarPerm modified mode [ 'src/lib/src/ta_abstract/ta_java_defs.h', 420, 438 ]
369 silly gunzTarPerm extractEntry src/lib/src/ta_abstract/tables/table_a.c
370 silly gunzTarPerm modified mode [ 'src/lib/src/ta_abstract/tables/table_a.c', 420, 438 ]
371 silly gunzTarPerm extractEntry src/lib/src/ta_abstract/tables/table_b.c
372 silly gunzTarPerm modified mode [ 'src/lib/src/ta_abstract/tables/table_b.c', 420, 438 ]
373 silly gunzTarPerm extractEntry src/lib/src/ta_abstract/tables/table_c.c
374 silly gunzTarPerm modified mode [ 'src/lib/src/ta_abstract/tables/table_c.c', 420, 438 ]
375 silly gunzTarPerm extractEntry src/lib/src/ta_abstract/tables/table_d.c
376 silly gunzTarPerm modified mode [ 'src/lib/src/ta_abstract/tables/table_d.c', 420, 438 ]
377 silly gunzTarPerm extractEntry src/lib/src/ta_abstract/tables/table_e.c
378 silly gunzTarPerm modified mode [ 'src/lib/src/ta_abstract/tables/table_e.c', 420, 438 ]
379 silly gunzTarPerm extractEntry src/lib/src/ta_abstract/tables/table_f.c
380 silly gunzTarPerm modified mode [ 'src/lib/src/ta_abstract/tables/table_f.c', 420, 438 ]
381 silly gunzTarPerm extractEntry src/lib/src/ta_abstract/tables/table_g.c
382 silly gunzTarPerm modified mode [ 'src/lib/src/ta_abstract/tables/table_g.c', 420, 438 ]
383 silly gunzTarPerm extractEntry src/lib/src/ta_abstract/tables/table_h.c
384 silly gunzTarPerm modified mode [ 'src/lib/src/ta_abstract/tables/table_h.c', 420, 438 ]
385 silly gunzTarPerm extractEntry src/lib/src/ta_abstract/tables/table_i.c
386 silly gunzTarPerm modified mode [ 'src/lib/src/ta_abstract/tables/table_i.c', 420, 438 ]
387 silly gunzTarPerm extractEntry src/lib/src/ta_abstract/tables/table_j.c
388 silly gunzTarPerm modified mode [ 'src/lib/src/ta_abstract/tables/table_j.c', 420, 438 ]
389 silly gunzTarPerm extractEntry src/lib/src/ta_abstract/tables/table_k.c
390 silly gunzTarPerm modified mode [ 'src/lib/src/ta_abstract/tables/table_k.c', 420, 438 ]
391 silly gunzTarPerm extractEntry src/lib/src/ta_abstract/tables/table_l.c
392 silly gunzTarPerm modified mode [ 'src/lib/src/ta_abstract/tables/table_l.c', 420, 438 ]
393 silly gunzTarPerm extractEntry src/lib/src/ta_abstract/tables/table_m.c
394 silly gunzTarPerm modified mode [ 'src/lib/src/ta_abstract/tables/table_m.c', 420, 438 ]
395 silly gunzTarPerm extractEntry src/lib/src/ta_abstract/tables/table_n.c
396 silly gunzTarPerm modified mode [ 'src/lib/src/ta_abstract/tables/table_n.c', 420, 438 ]
397 silly gunzTarPerm extractEntry src/lib/src/ta_abstract/tables/table_o.c
398 silly gunzTarPerm modified mode [ 'src/lib/src/ta_abstract/tables/table_o.c', 420, 438 ]
399 silly gunzTarPerm extractEntry src/lib/src/ta_abstract/tables/table_p.c
400 silly gunzTarPerm modified mode [ 'src/lib/src/ta_abstract/tables/table_p.c', 420, 438 ]
401 silly gunzTarPerm extractEntry src/lib/src/ta_abstract/tables/table_q.c
402 silly gunzTarPerm modified mode [ 'src/lib/src/ta_abstract/tables/table_q.c', 420, 438 ]
403 silly gunzTarPerm extractEntry src/lib/src/ta_abstract/tables/table_r.c
404 silly gunzTarPerm modified mode [ 'src/lib/src/ta_abstract/tables/table_r.c', 420, 438 ]
405 silly gunzTarPerm extractEntry src/lib/src/ta_abstract/tables/table_s.c
406 silly gunzTarPerm modified mode [ 'src/lib/src/ta_abstract/tables/table_s.c', 420, 438 ]
407 silly gunzTarPerm extractEntry src/lib/src/ta_abstract/tables/table_t.c
408 silly gunzTarPerm modified mode [ 'src/lib/src/ta_abstract/tables/table_t.c', 420, 438 ]
409 silly gunzTarPerm extractEntry src/lib/src/ta_abstract/tables/table_u.c
410 silly gunzTarPerm modified mode [ 'src/lib/src/ta_abstract/tables/table_u.c', 420, 438 ]
411 silly gunzTarPerm extractEntry src/lib/src/ta_abstract/tables/table_v.c
412 silly gunzTarPerm modified mode [ 'src/lib/src/ta_abstract/tables/table_v.c', 420, 438 ]
413 silly gunzTarPerm extractEntry src/lib/src/ta_abstract/tables/table_w.c
414 silly gunzTarPerm modified mode [ 'src/lib/src/ta_abstract/tables/table_w.c', 420, 438 ]
415 silly gunzTarPerm extractEntry src/lib/src/ta_abstract/tables/table_x.c
416 silly gunzTarPerm modified mode [ 'src/lib/src/ta_abstract/tables/table_x.c', 420, 438 ]
417 silly gunzTarPerm extractEntry src/lib/src/ta_abstract/tables/table_y.c
418 silly gunzTarPerm modified mode [ 'src/lib/src/ta_abstract/tables/table_y.c', 420, 438 ]
419 silly gunzTarPerm extractEntry src/lib/src/ta_abstract/tables/table_z.c
420 silly gunzTarPerm modified mode [ 'src/lib/src/ta_abstract/tables/table_z.c', 420, 438 ]
421 silly gunzTarPerm extractEntry src/lib/src/ta_abstract/templates/CoreAnnotated.java.template
422 silly gunzTarPerm modified mode [ 'src/lib/src/ta_abstract/templates/CoreAnnotated.java.template',
422 silly gunzTarPerm   420,
422 silly gunzTarPerm   438 ]
423 silly gunzTarPerm extractEntry src/lib/src/ta_abstract/templates/excel_glue.c.template
424 silly gunzTarPerm modified mode [ 'src/lib/src/ta_abstract/templates/excel_glue.c.template',
424 silly gunzTarPerm   420,
424 silly gunzTarPerm   438 ]
425 silly gunzTarPerm extractEntry src/lib/src/ta_abstract/templates/Makefile.am.template
426 silly gunzTarPerm modified mode [ 'src/lib/src/ta_abstract/templates/Makefile.am.template',
426 silly gunzTarPerm   420,
426 silly gunzTarPerm   438 ]
427 silly gunzTarPerm extractEntry src/lib/src/ta_abstract/templates/ta_frame.c.template
428 silly gunzTarPerm modified mode [ 'src/lib/src/ta_abstract/templates/ta_frame.c.template',
428 silly gunzTarPerm   420,
428 silly gunzTarPerm   438 ]
429 silly gunzTarPerm extractEntry src/lib/src/ta_abstract/templates/ta_frame.h.template
430 silly gunzTarPerm modified mode [ 'src/lib/src/ta_abstract/templates/ta_frame.h.template',
430 silly gunzTarPerm   420,
430 silly gunzTarPerm   438 ]
431 silly gunzTarPerm extractEntry src/lib/src/ta_abstract/templates/ta_func_api.c.template
432 silly gunzTarPerm modified mode [ 'src/lib/src/ta_abstract/templates/ta_func_api.c.template',
432 silly gunzTarPerm   420,
432 silly gunzTarPerm   438 ]
433 silly gunzTarPerm extractEntry src/lib/src/ta_abstract/templates/ta_func.h.template
434 silly gunzTarPerm modified mode [ 'src/lib/src/ta_abstract/templates/ta_func.h.template',
434 silly gunzTarPerm   420,
434 silly gunzTarPerm   438 ]
435 silly gunzTarPerm extractEntry src/lib/src/ta_abstract/templates/ta_func.swg.template
436 silly gunzTarPerm modified mode [ 'src/lib/src/ta_abstract/templates/ta_func.swg.template',
436 silly gunzTarPerm   420,
436 silly gunzTarPerm   438 ]
437 silly gunzTarPerm extractEntry src/lib/src/ta_abstract/templates/ta_group_idx.c.template
438 silly gunzTarPerm modified mode [ 'src/lib/src/ta_abstract/templates/ta_group_idx.c.template',
438 silly gunzTarPerm   420,
438 silly gunzTarPerm   438 ]
439 silly gunzTarPerm extractEntry src/lib/src/ta_abstract/templates/ta_java_defs.h.template
440 silly gunzTarPerm modified mode [ 'src/lib/src/ta_abstract/templates/ta_java_defs.h.template',
440 silly gunzTarPerm   420,
440 silly gunzTarPerm   438 ]
441 silly gunzTarPerm extractEntry src/lib/src/ta_abstract/templates/ta_retcode.c.template
442 silly gunzTarPerm modified mode [ 'src/lib/src/ta_abstract/templates/ta_retcode.c.template',
442 silly gunzTarPerm   420,
442 silly gunzTarPerm   438 ]
443 silly gunzTarPerm extractEntry src/lib/src/ta_abstract/templates/ta_x.c.template
444 silly gunzTarPerm modified mode [ 'src/lib/src/ta_abstract/templates/ta_x.c.template', 420, 438 ]
445 silly gunzTarPerm extractEntry src/lib/src/ta_common/Makefile.am
446 silly gunzTarPerm modified mode [ 'src/lib/src/ta_common/Makefile.am', 420, 438 ]
447 silly gunzTarPerm extractEntry src/lib/src/ta_common/ta_global.c
448 silly gunzTarPerm modified mode [ 'src/lib/src/ta_common/ta_global.c', 420, 438 ]
449 silly gunzTarPerm extractEntry src/lib/src/ta_common/ta_global.h
450 silly gunzTarPerm modified mode [ 'src/lib/src/ta_common/ta_global.h', 420, 438 ]
451 silly gunzTarPerm extractEntry src/lib/src/ta_common/ta_magic_nb.h
452 silly gunzTarPerm modified mode [ 'src/lib/src/ta_common/ta_magic_nb.h', 420, 438 ]
453 silly gunzTarPerm extractEntry src/lib/src/ta_common/ta_memory.h
454 silly gunzTarPerm modified mode [ 'src/lib/src/ta_common/ta_memory.h', 420, 438 ]
455 silly gunzTarPerm extractEntry src/lib/src/ta_common/ta_pragma.h
456 silly gunzTarPerm modified mode [ 'src/lib/src/ta_common/ta_pragma.h', 420, 438 ]
457 silly gunzTarPerm extractEntry src/lib/src/ta_common/ta_retcode.c
458 silly gunzTarPerm modified mode [ 'src/lib/src/ta_common/ta_retcode.c', 420, 438 ]
459 silly gunzTarPerm extractEntry src/lib/src/ta_common/ta_retcode.csv
460 silly gunzTarPerm modified mode [ 'src/lib/src/ta_common/ta_retcode.csv', 420, 438 ]
461 silly gunzTarPerm extractEntry src/lib/src/ta_common/ta_version.c
462 silly gunzTarPerm modified mode [ 'src/lib/src/ta_common/ta_version.c', 420, 438 ]
463 silly gunzTarPerm extractEntry src/lib/src/ta_func/Makefile.am
464 silly gunzTarPerm modified mode [ 'src/lib/src/ta_func/Makefile.am', 420, 438 ]
465 silly gunzTarPerm extractEntry src/lib/src/ta_func/ta_ACCBANDS.c
466 silly gunzTarPerm modified mode [ 'src/lib/src/ta_func/ta_ACCBANDS.c', 420, 438 ]
467 silly gunzTarPerm extractEntry src/lib/src/ta_func/ta_ACOS.c
468 silly gunzTarPerm modified mode [ 'src/lib/src/ta_func/ta_ACOS.c', 420, 438 ]
469 silly gunzTarPerm extractEntry src/lib/src/ta_func/ta_AD.c
470 silly gunzTarPerm modified mode [ 'src/lib/src/ta_func/ta_AD.c', 420, 438 ]
471 silly gunzTarPerm extractEntry src/lib/src/ta_func/ta_ADD.c
472 silly gunzTarPerm modified mode [ 'src/lib/src/ta_func/ta_ADD.c', 420, 438 ]
473 silly gunzTarPerm extractEntry src/lib/src/ta_func/ta_ADOSC.c
474 silly gunzTarPerm modified mode [ 'src/lib/src/ta_func/ta_ADOSC.c', 420, 438 ]
475 silly gunzTarPerm extractEntry src/lib/src/ta_func/ta_ADX.c
476 silly gunzTarPerm modified mode [ 'src/lib/src/ta_func/ta_ADX.c', 420, 438 ]
477 silly gunzTarPerm extractEntry src/lib/src/ta_func/ta_ADXR.c
478 silly gunzTarPerm modified mode [ 'src/lib/src/ta_func/ta_ADXR.c', 420, 438 ]
479 silly gunzTarPerm extractEntry src/lib/src/ta_func/ta_APO.c
480 silly gunzTarPerm modified mode [ 'src/lib/src/ta_func/ta_APO.c', 420, 438 ]
481 silly gunzTarPerm extractEntry src/lib/src/ta_func/ta_AROON.c
482 silly gunzTarPerm modified mode [ 'src/lib/src/ta_func/ta_AROON.c', 420, 438 ]
483 silly gunzTarPerm extractEntry src/lib/src/ta_func/ta_AROONOSC.c
484 silly gunzTarPerm modified mode [ 'src/lib/src/ta_func/ta_AROONOSC.c', 420, 438 ]
485 silly gunzTarPerm extractEntry src/lib/src/ta_func/ta_ASIN.c
486 silly gunzTarPerm modified mode [ 'src/lib/src/ta_func/ta_ASIN.c', 420, 438 ]
487 silly gunzTarPerm extractEntry src/lib/src/ta_func/ta_ATAN.c
488 silly gunzTarPerm modified mode [ 'src/lib/src/ta_func/ta_ATAN.c', 420, 438 ]
489 silly gunzTarPerm extractEntry src/lib/src/ta_func/ta_ATR.c
490 silly gunzTarPerm modified mode [ 'src/lib/src/ta_func/ta_ATR.c', 420, 438 ]
491 silly gunzTarPerm extractEntry src/lib/src/ta_func/ta_AVGDEV.c
492 silly gunzTarPerm modified mode [ 'src/lib/src/ta_func/ta_AVGDEV.c', 420, 438 ]
493 silly gunzTarPerm extractEntry src/lib/src/ta_func/ta_AVGPRICE.c
494 silly gunzTarPerm modified mode [ 'src/lib/src/ta_func/ta_AVGPRICE.c', 420, 438 ]
495 silly gunzTarPerm extractEntry src/lib/src/ta_func/ta_BBANDS.c
496 silly gunzTarPerm modified mode [ 'src/lib/src/ta_func/ta_BBANDS.c', 420, 438 ]
497 silly gunzTarPerm extractEntry src/lib/src/ta_func/ta_BETA.c
498 silly gunzTarPerm modified mode [ 'src/lib/src/ta_func/ta_BETA.c', 420, 438 ]
499 silly gunzTarPerm extractEntry src/lib/src/ta_func/ta_BOP.c
500 silly gunzTarPerm modified mode [ 'src/lib/src/ta_func/ta_BOP.c', 420, 438 ]
501 silly gunzTarPerm extractEntry src/lib/src/ta_func/ta_CCI.c
502 silly gunzTarPerm modified mode [ 'src/lib/src/ta_func/ta_CCI.c', 420, 438 ]
503 silly gunzTarPerm extractEntry src/lib/src/ta_func/ta_CDL2CROWS.c
504 silly gunzTarPerm modified mode [ 'src/lib/src/ta_func/ta_CDL2CROWS.c', 420, 438 ]
505 silly gunzTarPerm extractEntry src/lib/src/ta_func/ta_CDL3BLACKCROWS.c
506 silly gunzTarPerm modified mode [ 'src/lib/src/ta_func/ta_CDL3BLACKCROWS.c', 420, 438 ]
507 silly gunzTarPerm extractEntry src/lib/src/ta_func/ta_CDL3INSIDE.c
508 silly gunzTarPerm modified mode [ 'src/lib/src/ta_func/ta_CDL3INSIDE.c', 420, 438 ]
509 silly gunzTarPerm extractEntry src/lib/src/ta_func/ta_CDL3LINESTRIKE.c
510 silly gunzTarPerm modified mode [ 'src/lib/src/ta_func/ta_CDL3LINESTRIKE.c', 420, 438 ]
511 silly gunzTarPerm extractEntry src/lib/src/ta_func/ta_CDL3OUTSIDE.c
512 silly gunzTarPerm modified mode [ 'src/lib/src/ta_func/ta_CDL3OUTSIDE.c', 420, 438 ]
513 silly gunzTarPerm extractEntry src/lib/src/ta_func/ta_CDL3STARSINSOUTH.c
514 silly gunzTarPerm modified mode [ 'src/lib/src/ta_func/ta_CDL3STARSINSOUTH.c', 420, 438 ]
515 silly gunzTarPerm extractEntry src/lib/src/ta_func/ta_CDL3WHITESOLDIERS.c
516 silly gunzTarPerm modified mode [ 'src/lib/src/ta_func/ta_CDL3WHITESOLDIERS.c', 420, 438 ]
517 silly gunzTarPerm extractEntry src/lib/src/ta_func/ta_CDLABANDONEDBABY.c
518 silly gunzTarPerm modified mode [ 'src/lib/src/ta_func/ta_CDLABANDONEDBABY.c', 420, 438 ]
519 silly gunzTarPerm extractEntry src/lib/src/ta_func/ta_CDLADVANCEBLOCK.c
520 silly gunzTarPerm modified mode [ 'src/lib/src/ta_func/ta_CDLADVANCEBLOCK.c', 420, 438 ]
521 silly gunzTarPerm extractEntry src/lib/src/ta_func/ta_CDLBELTHOLD.c
522 silly gunzTarPerm modified mode [ 'src/lib/src/ta_func/ta_CDLBELTHOLD.c', 420, 438 ]
523 silly gunzTarPerm extractEntry src/lib/src/ta_func/ta_CDLBREAKAWAY.c
524 silly gunzTarPerm modified mode [ 'src/lib/src/ta_func/ta_CDLBREAKAWAY.c', 420, 438 ]
525 silly gunzTarPerm extractEntry src/lib/src/ta_func/ta_CDLCLOSINGMARUBOZU.c
526 silly gunzTarPerm modified mode [ 'src/lib/src/ta_func/ta_CDLCLOSINGMARUBOZU.c', 420, 438 ]
527 silly gunzTarPerm extractEntry src/lib/src/ta_func/ta_CDLCONCEALBABYSWALL.c
528 silly gunzTarPerm modified mode [ 'src/lib/src/ta_func/ta_CDLCONCEALBABYSWALL.c', 420, 438 ]
529 silly gunzTarPerm extractEntry src/lib/src/ta_func/ta_CDLCOUNTERATTACK.c
530 silly gunzTarPerm modified mode [ 'src/lib/src/ta_func/ta_CDLCOUNTERATTACK.c', 420, 438 ]
531 silly gunzTarPerm extractEntry src/lib/src/ta_func/ta_CDLDARKCLOUDCOVER.c
532 silly gunzTarPerm modified mode [ 'src/lib/src/ta_func/ta_CDLDARKCLOUDCOVER.c', 420, 438 ]
533 silly gunzTarPerm extractEntry src/lib/src/ta_func/ta_CDLDOJI.c
534 silly gunzTarPerm modified mode [ 'src/lib/src/ta_func/ta_CDLDOJI.c', 420, 438 ]
535 silly gunzTarPerm extractEntry src/lib/src/ta_func/ta_CDLDOJISTAR.c
536 silly gunzTarPerm modified mode [ 'src/lib/src/ta_func/ta_CDLDOJISTAR.c', 420, 438 ]
537 silly gunzTarPerm extractEntry src/lib/src/ta_func/ta_CDLDRAGONFLYDOJI.c
538 silly gunzTarPerm modified mode [ 'src/lib/src/ta_func/ta_CDLDRAGONFLYDOJI.c', 420, 438 ]
539 silly gunzTarPerm extractEntry src/lib/src/ta_func/ta_CDLENGULFING.c
540 silly gunzTarPerm modified mode [ 'src/lib/src/ta_func/ta_CDLENGULFING.c', 420, 438 ]
541 silly gunzTarPerm extractEntry src/lib/src/ta_func/ta_CDLEVENINGDOJISTAR.c
542 silly gunzTarPerm modified mode [ 'src/lib/src/ta_func/ta_CDLEVENINGDOJISTAR.c', 420, 438 ]
543 silly gunzTarPerm extractEntry src/lib/src/ta_func/ta_CDLEVENINGSTAR.c
544 silly gunzTarPerm modified mode [ 'src/lib/src/ta_func/ta_CDLEVENINGSTAR.c', 420, 438 ]
545 silly gunzTarPerm extractEntry src/lib/src/ta_func/ta_CDLGAPSIDESIDEWHITE.c
546 silly gunzTarPerm modified mode [ 'src/lib/src/ta_func/ta_CDLGAPSIDESIDEWHITE.c', 420, 438 ]
547 silly gunzTarPerm extractEntry src/lib/src/ta_func/ta_CDLGRAVESTONEDOJI.c
548 silly gunzTarPerm modified mode [ 'src/lib/src/ta_func/ta_CDLGRAVESTONEDOJI.c', 420, 438 ]
549 silly gunzTarPerm extractEntry src/lib/src/ta_func/ta_CDLHAMMER.c
550 silly gunzTarPerm modified mode [ 'src/lib/src/ta_func/ta_CDLHAMMER.c', 420, 438 ]
551 silly gunzTarPerm extractEntry src/lib/src/ta_func/ta_CDLHANGINGMAN.c
552 silly gunzTarPerm modified mode [ 'src/lib/src/ta_func/ta_CDLHANGINGMAN.c', 420, 438 ]
553 silly gunzTarPerm extractEntry src/lib/src/ta_func/ta_CDLHARAMI.c
554 silly gunzTarPerm modified mode [ 'src/lib/src/ta_func/ta_CDLHARAMI.c', 420, 438 ]
555 silly gunzTarPerm extractEntry src/lib/src/ta_func/ta_CDLHARAMICROSS.c
556 silly gunzTarPerm modified mode [ 'src/lib/src/ta_func/ta_CDLHARAMICROSS.c', 420, 438 ]
557 silly gunzTarPerm extractEntry src/lib/src/ta_func/ta_CDLHIGHWAVE.c
558 silly gunzTarPerm modified mode [ 'src/lib/src/ta_func/ta_CDLHIGHWAVE.c', 420, 438 ]
559 silly gunzTarPerm extractEntry src/lib/src/ta_func/ta_CDLHIKKAKE.c
560 silly gunzTarPerm modified mode [ 'src/lib/src/ta_func/ta_CDLHIKKAKE.c', 420, 438 ]
561 silly gunzTarPerm extractEntry src/lib/src/ta_func/ta_CDLHIKKAKEMOD.c
562 silly gunzTarPerm modified mode [ 'src/lib/src/ta_func/ta_CDLHIKKAKEMOD.c', 420, 438 ]
563 silly gunzTarPerm extractEntry src/lib/src/ta_func/ta_CDLHOMINGPIGEON.c
564 silly gunzTarPerm modified mode [ 'src/lib/src/ta_func/ta_CDLHOMINGPIGEON.c', 420, 438 ]
565 silly gunzTarPerm extractEntry src/lib/src/ta_func/ta_CDLIDENTICAL3CROWS.c
566 silly gunzTarPerm modified mode [ 'src/lib/src/ta_func/ta_CDLIDENTICAL3CROWS.c', 420, 438 ]
567 silly gunzTarPerm extractEntry src/lib/src/ta_func/ta_CDLINNECK.c
568 silly gunzTarPerm modified mode [ 'src/lib/src/ta_func/ta_CDLINNECK.c', 420, 438 ]
569 silly gunzTarPerm extractEntry src/lib/src/ta_func/ta_CDLINVERTEDHAMMER.c
570 silly gunzTarPerm modified mode [ 'src/lib/src/ta_func/ta_CDLINVERTEDHAMMER.c', 420, 438 ]
571 silly gunzTarPerm extractEntry src/lib/src/ta_func/ta_CDLKICKING.c
572 silly gunzTarPerm modified mode [ 'src/lib/src/ta_func/ta_CDLKICKING.c', 420, 438 ]
573 silly gunzTarPerm extractEntry src/lib/src/ta_func/ta_CDLKICKINGBYLENGTH.c
574 silly gunzTarPerm modified mode [ 'src/lib/src/ta_func/ta_CDLKICKINGBYLENGTH.c', 420, 438 ]
575 silly gunzTarPerm extractEntry src/lib/src/ta_func/ta_CDLLADDERBOTTOM.c
576 silly gunzTarPerm modified mode [ 'src/lib/src/ta_func/ta_CDLLADDERBOTTOM.c', 420, 438 ]
577 silly gunzTarPerm extractEntry src/lib/src/ta_func/ta_CDLLONGLEGGEDDOJI.c
578 silly gunzTarPerm modified mode [ 'src/lib/src/ta_func/ta_CDLLONGLEGGEDDOJI.c', 420, 438 ]
579 silly gunzTarPerm extractEntry src/lib/src/ta_func/ta_CDLLONGLINE.c
580 silly gunzTarPerm modified mode [ 'src/lib/src/ta_func/ta_CDLLONGLINE.c', 420, 438 ]
581 silly gunzTarPerm extractEntry src/lib/src/ta_func/ta_CDLMARUBOZU.c
582 silly gunzTarPerm modified mode [ 'src/lib/src/ta_func/ta_CDLMARUBOZU.c', 420, 438 ]
583 silly gunzTarPerm extractEntry src/lib/src/ta_func/ta_CDLMATCHINGLOW.c
584 silly gunzTarPerm modified mode [ 'src/lib/src/ta_func/ta_CDLMATCHINGLOW.c', 420, 438 ]
585 silly gunzTarPerm extractEntry src/lib/src/ta_func/ta_CDLMATHOLD.c
586 silly gunzTarPerm modified mode [ 'src/lib/src/ta_func/ta_CDLMATHOLD.c', 420, 438 ]
587 silly gunzTarPerm extractEntry src/lib/src/ta_func/ta_CDLMORNINGDOJISTAR.c
588 silly gunzTarPerm modified mode [ 'src/lib/src/ta_func/ta_CDLMORNINGDOJISTAR.c', 420, 438 ]
589 silly gunzTarPerm extractEntry src/lib/src/ta_func/ta_CDLMORNINGSTAR.c
590 silly gunzTarPerm modified mode [ 'src/lib/src/ta_func/ta_CDLMORNINGSTAR.c', 420, 438 ]
591 silly gunzTarPerm extractEntry src/lib/src/ta_func/ta_CDLONNECK.c
592 silly gunzTarPerm modified mode [ 'src/lib/src/ta_func/ta_CDLONNECK.c', 420, 438 ]
593 silly gunzTarPerm extractEntry src/lib/src/ta_func/ta_CDLPIERCING.c
594 silly gunzTarPerm modified mode [ 'src/lib/src/ta_func/ta_CDLPIERCING.c', 420, 438 ]
595 silly gunzTarPerm extractEntry src/lib/src/ta_func/ta_CDLRICKSHAWMAN.c
596 silly gunzTarPerm modified mode [ 'src/lib/src/ta_func/ta_CDLRICKSHAWMAN.c', 420, 438 ]
597 silly gunzTarPerm extractEntry src/lib/src/ta_func/ta_CDLRISEFALL3METHODS.c
598 silly gunzTarPerm modified mode [ 'src/lib/src/ta_func/ta_CDLRISEFALL3METHODS.c', 420, 438 ]
599 silly gunzTarPerm extractEntry src/lib/src/ta_func/ta_CDLSEPARATINGLINES.c
600 silly gunzTarPerm modified mode [ 'src/lib/src/ta_func/ta_CDLSEPARATINGLINES.c', 420, 438 ]
601 silly gunzTarPerm extractEntry src/lib/src/ta_func/ta_CDLSHOOTINGSTAR.c
602 silly gunzTarPerm modified mode [ 'src/lib/src/ta_func/ta_CDLSHOOTINGSTAR.c', 420, 438 ]
603 silly gunzTarPerm extractEntry src/lib/src/ta_func/ta_CDLSHORTLINE.c
604 silly gunzTarPerm modified mode [ 'src/lib/src/ta_func/ta_CDLSHORTLINE.c', 420, 438 ]
605 silly gunzTarPerm extractEntry src/lib/src/ta_func/ta_CDLSPINNINGTOP.c
606 silly gunzTarPerm modified mode [ 'src/lib/src/ta_func/ta_CDLSPINNINGTOP.c', 420, 438 ]
607 silly gunzTarPerm extractEntry src/lib/src/ta_func/ta_CDLSTALLEDPATTERN.c
608 silly gunzTarPerm modified mode [ 'src/lib/src/ta_func/ta_CDLSTALLEDPATTERN.c', 420, 438 ]
609 silly gunzTarPerm extractEntry src/lib/src/ta_func/ta_CDLSTICKSANDWICH.c
610 silly gunzTarPerm modified mode [ 'src/lib/src/ta_func/ta_CDLSTICKSANDWICH.c', 420, 438 ]
611 silly gunzTarPerm extractEntry src/lib/src/ta_func/ta_CDLTAKURI.c
612 silly gunzTarPerm modified mode [ 'src/lib/src/ta_func/ta_CDLTAKURI.c', 420, 438 ]
613 silly gunzTarPerm extractEntry src/lib/src/ta_func/ta_CDLTASUKIGAP.c
614 silly gunzTarPerm modified mode [ 'src/lib/src/ta_func/ta_CDLTASUKIGAP.c', 420, 438 ]
615 silly gunzTarPerm extractEntry src/lib/src/ta_func/ta_CDLTHRUSTING.c
616 silly gunzTarPerm modified mode [ 'src/lib/src/ta_func/ta_CDLTHRUSTING.c', 420, 438 ]
617 silly gunzTarPerm extractEntry src/lib/src/ta_func/ta_CDLTRISTAR.c
618 silly gunzTarPerm modified mode [ 'src/lib/src/ta_func/ta_CDLTRISTAR.c', 420, 438 ]
619 silly gunzTarPerm extractEntry src/lib/src/ta_func/ta_CDLUNIQUE3RIVER.c
620 silly gunzTarPerm modified mode [ 'src/lib/src/ta_func/ta_CDLUNIQUE3RIVER.c', 420, 438 ]
621 silly gunzTarPerm extractEntry src/lib/src/ta_func/ta_CDLUPSIDEGAP2CROWS.c
622 silly gunzTarPerm modified mode [ 'src/lib/src/ta_func/ta_CDLUPSIDEGAP2CROWS.c', 420, 438 ]
623 silly gunzTarPerm extractEntry src/lib/src/ta_func/ta_CDLXSIDEGAP3METHODS.c
624 silly gunzTarPerm modified mode [ 'src/lib/src/ta_func/ta_CDLXSIDEGAP3METHODS.c', 420, 438 ]
625 silly gunzTarPerm extractEntry src/lib/src/ta_func/ta_CEIL.c
626 silly gunzTarPerm modified mode [ 'src/lib/src/ta_func/ta_CEIL.c', 420, 438 ]
627 silly gunzTarPerm extractEntry src/lib/src/ta_func/ta_CMO.c
628 silly gunzTarPerm modified mode [ 'src/lib/src/ta_func/ta_CMO.c', 420, 438 ]
629 silly gunzTarPerm extractEntry src/lib/src/ta_func/ta_CORREL.c
630 silly gunzTarPerm modified mode [ 'src/lib/src/ta_func/ta_CORREL.c', 420, 438 ]
631 silly gunzTarPerm extractEntry src/lib/src/ta_func/ta_COS.c
632 silly gunzTarPerm modified mode [ 'src/lib/src/ta_func/ta_COS.c', 420, 438 ]
633 silly gunzTarPerm extractEntry src/lib/src/ta_func/ta_COSH.c
634 silly gunzTarPerm modified mode [ 'src/lib/src/ta_func/ta_COSH.c', 420, 438 ]
635 silly gunzTarPerm extractEntry src/lib/src/ta_func/ta_DEMA.c
636 silly gunzTarPerm modified mode [ 'src/lib/src/ta_func/ta_DEMA.c', 420, 438 ]
637 silly gunzTarPerm extractEntry src/lib/src/ta_func/ta_DIV.c
638 silly gunzTarPerm modified mode [ 'src/lib/src/ta_func/ta_DIV.c', 420, 438 ]
639 silly gunzTarPerm extractEntry src/lib/src/ta_func/ta_DX.c
640 silly gunzTarPerm modified mode [ 'src/lib/src/ta_func/ta_DX.c', 420, 438 ]
641 silly gunzTarPerm extractEntry src/lib/src/ta_func/ta_EMA.c
642 silly gunzTarPerm modified mode [ 'src/lib/src/ta_func/ta_EMA.c', 420, 438 ]
643 silly gunzTarPerm extractEntry src/lib/src/ta_func/ta_EXP.c
644 silly gunzTarPerm modified mode [ 'src/lib/src/ta_func/ta_EXP.c', 420, 438 ]
645 silly gunzTarPerm extractEntry src/lib/src/ta_func/ta_FLOOR.c
646 silly gunzTarPerm modified mode [ 'src/lib/src/ta_func/ta_FLOOR.c', 420, 438 ]
647 silly gunzTarPerm extractEntry src/lib/src/ta_func/ta_HT_DCPERIOD.c
648 silly gunzTarPerm modified mode [ 'src/lib/src/ta_func/ta_HT_DCPERIOD.c', 420, 438 ]
649 silly gunzTarPerm extractEntry src/lib/src/ta_func/ta_HT_DCPHASE.c
650 silly gunzTarPerm modified mode [ 'src/lib/src/ta_func/ta_HT_DCPHASE.c', 420, 438 ]
651 silly gunzTarPerm extractEntry src/lib/src/ta_func/ta_HT_PHASOR.c
652 silly gunzTarPerm modified mode [ 'src/lib/src/ta_func/ta_HT_PHASOR.c', 420, 438 ]
653 silly gunzTarPerm extractEntry src/lib/src/ta_func/ta_HT_SINE.c
654 silly gunzTarPerm modified mode [ 'src/lib/src/ta_func/ta_HT_SINE.c', 420, 438 ]
655 silly gunzTarPerm extractEntry src/lib/src/ta_func/ta_HT_TRENDLINE.c
656 silly gunzTarPerm modified mode [ 'src/lib/src/ta_func/ta_HT_TRENDLINE.c', 420, 438 ]
657 silly gunzTarPerm extractEntry src/lib/src/ta_func/ta_HT_TRENDMODE.c
658 silly gunzTarPerm modified mode [ 'src/lib/src/ta_func/ta_HT_TRENDMODE.c', 420, 438 ]
659 silly gunzTarPerm extractEntry src/lib/src/ta_func/ta_IMI.c
660 silly gunzTarPerm modified mode [ 'src/lib/src/ta_func/ta_IMI.c', 420, 438 ]
661 silly gunzTarPerm extractEntry src/lib/src/ta_func/ta_KAMA.c
662 silly gunzTarPerm modified mode [ 'src/lib/src/ta_func/ta_KAMA.c', 420, 438 ]
663 silly gunzTarPerm extractEntry src/lib/src/ta_func/ta_LINEARREG_ANGLE.c
664 silly gunzTarPerm modified mode [ 'src/lib/src/ta_func/ta_LINEARREG_ANGLE.c', 420, 438 ]
665 silly gunzTarPerm extractEntry src/lib/src/ta_func/ta_LINEARREG_INTERCEPT.c
666 silly gunzTarPerm modified mode [ 'src/lib/src/ta_func/ta_LINEARREG_INTERCEPT.c', 420, 438 ]
667 silly gunzTarPerm extractEntry src/lib/src/ta_func/ta_LINEARREG_SLOPE.c
668 silly gunzTarPerm modified mode [ 'src/lib/src/ta_func/ta_LINEARREG_SLOPE.c', 420, 438 ]
669 silly gunzTarPerm extractEntry src/lib/src/ta_func/ta_LINEARREG.c
670 silly gunzTarPerm modified mode [ 'src/lib/src/ta_func/ta_LINEARREG.c', 420, 438 ]
671 silly gunzTarPerm extractEntry src/lib/src/ta_func/ta_LN.c
672 silly gunzTarPerm modified mode [ 'src/lib/src/ta_func/ta_LN.c', 420, 438 ]
673 silly gunzTarPerm extractEntry src/lib/src/ta_func/ta_LOG10.c
674 silly gunzTarPerm modified mode [ 'src/lib/src/ta_func/ta_LOG10.c', 420, 438 ]
675 silly gunzTarPerm extractEntry src/lib/src/ta_func/ta_MA.c
676 silly gunzTarPerm modified mode [ 'src/lib/src/ta_func/ta_MA.c', 420, 438 ]
677 silly gunzTarPerm extractEntry src/lib/src/ta_func/ta_MACD.c
678 silly gunzTarPerm modified mode [ 'src/lib/src/ta_func/ta_MACD.c', 420, 438 ]
679 silly gunzTarPerm extractEntry src/lib/src/ta_func/ta_MACDEXT.c
680 silly gunzTarPerm modified mode [ 'src/lib/src/ta_func/ta_MACDEXT.c', 420, 438 ]
681 silly gunzTarPerm extractEntry src/lib/src/ta_func/ta_MACDFIX.c
682 silly gunzTarPerm modified mode [ 'src/lib/src/ta_func/ta_MACDFIX.c', 420, 438 ]
683 silly gunzTarPerm extractEntry src/lib/src/ta_func/ta_MAMA.c
684 silly gunzTarPerm modified mode [ 'src/lib/src/ta_func/ta_MAMA.c', 420, 438 ]
685 silly gunzTarPerm extractEntry src/lib/src/ta_func/ta_MAVP.c
686 silly gunzTarPerm modified mode [ 'src/lib/src/ta_func/ta_MAVP.c', 420, 438 ]
687 silly gunzTarPerm extractEntry src/lib/src/ta_func/ta_MAX.c
688 silly gunzTarPerm modified mode [ 'src/lib/src/ta_func/ta_MAX.c', 420, 438 ]
689 silly gunzTarPerm extractEntry src/lib/src/ta_func/ta_MAXINDEX.c
690 silly gunzTarPerm modified mode [ 'src/lib/src/ta_func/ta_MAXINDEX.c', 420, 438 ]
691 silly gunzTarPerm extractEntry src/lib/src/ta_func/ta_MEDPRICE.c
692 silly gunzTarPerm modified mode [ 'src/lib/src/ta_func/ta_MEDPRICE.c', 420, 438 ]
693 silly gunzTarPerm extractEntry src/lib/src/ta_func/ta_MFI.c
694 silly gunzTarPerm modified mode [ 'src/lib/src/ta_func/ta_MFI.c', 420, 438 ]
695 silly gunzTarPerm extractEntry src/lib/src/ta_func/ta_MIDPOINT.c
696 silly gunzTarPerm modified mode [ 'src/lib/src/ta_func/ta_MIDPOINT.c', 420, 438 ]
697 silly gunzTarPerm extractEntry src/lib/src/ta_func/ta_MIDPRICE.c
698 silly gunzTarPerm modified mode [ 'src/lib/src/ta_func/ta_MIDPRICE.c', 420, 438 ]
699 silly gunzTarPerm extractEntry src/lib/src/ta_func/ta_MIN.c
700 silly gunzTarPerm modified mode [ 'src/lib/src/ta_func/ta_MIN.c', 420, 438 ]
701 silly gunzTarPerm extractEntry src/lib/src/ta_func/ta_MININDEX.c
702 silly gunzTarPerm modified mode [ 'src/lib/src/ta_func/ta_MININDEX.c', 420, 438 ]
703 silly gunzTarPerm extractEntry src/lib/src/ta_func/ta_MINMAX.c
704 silly gunzTarPerm modified mode [ 'src/lib/src/ta_func/ta_MINMAX.c', 420, 438 ]
705 silly gunzTarPerm extractEntry src/lib/src/ta_func/ta_MINMAXINDEX.c
706 silly gunzTarPerm modified mode [ 'src/lib/src/ta_func/ta_MINMAXINDEX.c', 420, 438 ]
707 silly gunzTarPerm extractEntry src/lib/src/ta_func/ta_MINUS_DI.c
708 silly gunzTarPerm modified mode [ 'src/lib/src/ta_func/ta_MINUS_DI.c', 420, 438 ]
709 silly gunzTarPerm extractEntry src/lib/src/ta_func/ta_MINUS_DM.c
710 silly gunzTarPerm modified mode [ 'src/lib/src/ta_func/ta_MINUS_DM.c', 420, 438 ]
711 silly gunzTarPerm extractEntry src/lib/src/ta_func/ta_MOM.c
712 silly gunzTarPerm modified mode [ 'src/lib/src/ta_func/ta_MOM.c', 420, 438 ]
713 silly gunzTarPerm extractEntry src/lib/src/ta_func/ta_MULT.c
714 silly gunzTarPerm modified mode [ 'src/lib/src/ta_func/ta_MULT.c', 420, 438 ]
715 silly gunzTarPerm extractEntry src/lib/src/ta_func/ta_NATR.c
716 silly gunzTarPerm modified mode [ 'src/lib/src/ta_func/ta_NATR.c', 420, 438 ]
717 silly gunzTarPerm extractEntry src/lib/src/ta_func/ta_NVI.c
718 silly gunzTarPerm modified mode [ 'src/lib/src/ta_func/ta_NVI.c', 420, 438 ]
719 silly gunzTarPerm extractEntry src/lib/src/ta_func/ta_OBV.c
720 silly gunzTarPerm modified mode [ 'src/lib/src/ta_func/ta_OBV.c', 420, 438 ]
721 silly gunzTarPerm extractEntry src/lib/src/ta_func/ta_PLUS_DI.c
722 silly gunzTarPerm modified mode [ 'src/lib/src/ta_func/ta_PLUS_DI.c', 420, 438 ]
723 silly gunzTarPerm extractEntry src/lib/src/ta_func/ta_PLUS_DM.c
724 silly gunzTarPerm modified mode [ 'src/lib/src/ta_func/ta_PLUS_DM.c', 420, 438 ]
725 silly gunzTarPerm extractEntry src/lib/src/ta_func/ta_PPO.c
726 silly gunzTarPerm modified mode [ 'src/lib/src/ta_func/ta_PPO.c', 420, 438 ]
727 silly gunzTarPerm extractEntry src/lib/src/ta_func/ta_PVI.c
728 silly gunzTarPerm modified mode [ 'src/lib/src/ta_func/ta_PVI.c', 420, 438 ]
729 silly gunzTarPerm extractEntry src/lib/src/ta_func/ta_ROC.c
730 silly gunzTarPerm modified mode [ 'src/lib/src/ta_func/ta_ROC.c', 420, 438 ]
731 silly gunzTarPerm extractEntry src/lib/src/ta_func/ta_ROCP.c
732 silly gunzTarPerm modified mode [ 'src/lib/src/ta_func/ta_ROCP.c', 420, 438 ]
733 silly gunzTarPerm extractEntry src/lib/src/ta_func/ta_ROCR.c
734 silly gunzTarPerm modified mode [ 'src/lib/src/ta_func/ta_ROCR.c', 420, 438 ]
735 silly gunzTarPerm extractEntry src/lib/src/ta_func/ta_ROCR100.c
736 silly gunzTarPerm modified mode [ 'src/lib/src/ta_func/ta_ROCR100.c', 420, 438 ]
737 silly gunzTarPerm extractEntry src/lib/src/ta_func/ta_RSI.c
738 silly gunzTarPerm modified mode [ 'src/lib/src/ta_func/ta_RSI.c', 420, 438 ]
739 silly gunzTarPerm extractEntry src/lib/src/ta_func/ta_SAR.c
740 silly gunzTarPerm modified mode [ 'src/lib/src/ta_func/ta_SAR.c', 420, 438 ]
741 silly gunzTarPerm extractEntry src/lib/src/ta_func/ta_SAREXT.c
742 silly gunzTarPerm modified mode [ 'src/lib/src/ta_func/ta_SAREXT.c', 420, 438 ]
743 silly gunzTarPerm extractEntry src/lib/src/ta_func/ta_SIN.c
744 silly gunzTarPerm modified mode [ 'src/lib/src/ta_func/ta_SIN.c', 420, 438 ]
745 silly gunzTarPerm extractEntry src/lib/src/ta_func/ta_SINH.c
746 silly gunzTarPerm modified mode [ 'src/lib/src/ta_func/ta_SINH.c', 420, 438 ]
747 silly gunzTarPerm extractEntry src/lib/src/ta_func/ta_SMA.c
748 silly gunzTarPerm modified mode [ 'src/lib/src/ta_func/ta_SMA.c', 420, 438 ]
749 silly gunzTarPerm extractEntry src/lib/src/ta_func/ta_SQRT.c
750 silly gunzTarPerm modified mode [ 'src/lib/src/ta_func/ta_SQRT.c', 420, 438 ]
751 silly gunzTarPerm extractEntry src/lib/src/ta_func/ta_STDDEV.c
752 silly gunzTarPerm modified mode [ 'src/lib/src/ta_func/ta_STDDEV.c', 420, 438 ]
753 silly gunzTarPerm extractEntry src/lib/src/ta_func/ta_STOCH.c
754 silly gunzTarPerm modified mode [ 'src/lib/src/ta_func/ta_STOCH.c', 420, 438 ]
755 silly gunzTarPerm extractEntry src/lib/src/ta_func/ta_STOCHF.c
756 silly gunzTarPerm modified mode [ 'src/lib/src/ta_func/ta_STOCHF.c', 420, 438 ]
757 silly gunzTarPerm extractEntry src/lib/src/ta_func/ta_STOCHRSI.c
758 silly gunzTarPerm modified mode [ 'src/lib/src/ta_func/ta_STOCHRSI.c', 420, 438 ]
759 silly gunzTarPerm extractEntry src/lib/src/ta_func/ta_SUB.c
760 silly gunzTarPerm modified mode [ 'src/lib/src/ta_func/ta_SUB.c', 420, 438 ]
761 silly gunzTarPerm extractEntry src/lib/src/ta_func/ta_SUM.c
762 silly gunzTarPerm modified mode [ 'src/lib/src/ta_func/ta_SUM.c', 420, 438 ]
763 silly gunzTarPerm extractEntry src/lib/src/ta_func/ta_T3.c
764 silly gunzTarPerm modified mode [ 'src/lib/src/ta_func/ta_T3.c', 420, 438 ]
765 silly gunzTarPerm extractEntry src/lib/src/ta_func/ta_TAN.c
766 silly gunzTarPerm modified mode [ 'src/lib/src/ta_func/ta_TAN.c', 420, 438 ]
767 silly gunzTarPerm extractEntry src/lib/src/ta_func/ta_TANH.c
768 silly gunzTarPerm modified mode [ 'src/lib/src/ta_func/ta_TANH.c', 420, 438 ]
769 silly gunzTarPerm extractEntry src/lib/src/ta_func/ta_TEMA.c
770 silly gunzTarPerm modified mode [ 'src/lib/src/ta_func/ta_TEMA.c', 420, 438 ]
771 silly gunzTarPerm extractEntry src/lib/src/ta_func/ta_TRANGE.c
772 silly gunzTarPerm modified mode [ 'src/lib/src/ta_func/ta_TRANGE.c', 420, 438 ]
773 silly gunzTarPerm extractEntry src/lib/src/ta_func/ta_TRIMA.c
774 silly gunzTarPerm modified mode [ 'src/lib/src/ta_func/ta_TRIMA.c', 420, 438 ]
775 silly gunzTarPerm extractEntry src/lib/src/ta_func/ta_TRIX.c
776 silly gunzTarPerm modified mode [ 'src/lib/src/ta_func/ta_TRIX.c', 420, 438 ]
777 silly gunzTarPerm extractEntry src/lib/src/ta_func/ta_TSF.c
778 silly gunzTarPerm modified mode [ 'src/lib/src/ta_func/ta_TSF.c', 420, 438 ]
779 silly gunzTarPerm extractEntry src/lib/src/ta_func/ta_TYPPRICE.c
780 silly gunzTarPerm modified mode [ 'src/lib/src/ta_func/ta_TYPPRICE.c', 420, 438 ]
781 silly gunzTarPerm extractEntry src/lib/src/ta_func/ta_ULTOSC.c
782 silly gunzTarPerm modified mode [ 'src/lib/src/ta_func/ta_ULTOSC.c', 420, 438 ]
783 silly gunzTarPerm extractEntry src/lib/src/ta_func/ta_utility.c
784 silly gunzTarPerm modified mode [ 'src/lib/src/ta_func/ta_utility.c', 420, 438 ]
785 silly gunzTarPerm extractEntry src/lib/src/ta_func/ta_utility.h
786 silly gunzTarPerm modified mode [ 'src/lib/src/ta_func/ta_utility.h', 420, 438 ]
787 silly gunzTarPerm extractEntry src/lib/src/ta_func/ta_VAR.c
788 silly gunzTarPerm modified mode [ 'src/lib/src/ta_func/ta_VAR.c', 420, 438 ]
789 silly gunzTarPerm extractEntry src/lib/src/ta_func/ta_WCLPRICE.c
790 silly gunzTarPerm modified mode [ 'src/lib/src/ta_func/ta_WCLPRICE.c', 420, 438 ]
791 silly gunzTarPerm extractEntry src/lib/src/ta_func/ta_WILLR.c
792 silly gunzTarPerm modified mode [ 'src/lib/src/ta_func/ta_WILLR.c', 420, 438 ]
793 silly gunzTarPerm extractEntry src/lib/src/ta_func/ta_WMA.c
794 silly gunzTarPerm modified mode [ 'src/lib/src/ta_func/ta_WMA.c', 420, 438 ]
795 silly gunzTarPerm extractEntry src/lib/src/tools/gen_code/gen_code.c
796 silly gunzTarPerm modified mode [ 'src/lib/src/tools/gen_code/gen_code.c', 420, 438 ]
797 silly gunzTarPerm extractEntry src/lib/src/tools/gen_code/java/Main.java
798 silly gunzTarPerm modified mode [ 'src/lib/src/tools/gen_code/java/Main.java', 420, 438 ]
799 silly gunzTarPerm extractEntry src/lib/src/tools/gen_code/java/PrettyCode.java
800 silly gunzTarPerm modified mode [ 'src/lib/src/tools/gen_code/java/PrettyCode.java', 420, 438 ]
801 silly gunzTarPerm extractEntry src/lib/src/tools/gen_code/Makefile.am
802 silly gunzTarPerm modified mode [ 'src/lib/src/tools/gen_code/Makefile.am', 420, 438 ]
803 silly gunzTarPerm extractEntry src/lib/src/tools/gen_code/mcpp.exe
804 silly gunzTarPerm modified mode [ 'src/lib/src/tools/gen_code/mcpp.exe', 420, 438 ]
805 silly gunzTarPerm extractEntry src/lib/src/tools/Makefile.am
806 silly gunzTarPerm modified mode [ 'src/lib/src/tools/Makefile.am', 420, 438 ]
807 silly gunzTarPerm extractEntry src/lib/src/tools/ta_regtest/Makefile.am
808 silly gunzTarPerm modified mode [ 'src/lib/src/tools/ta_regtest/Makefile.am', 420, 438 ]
809 silly gunzTarPerm extractEntry src/lib/src/tools/ta_regtest/ReadMe.txt
810 silly gunzTarPerm modified mode [ 'src/lib/src/tools/ta_regtest/ReadMe.txt', 420, 438 ]
811 silly gunzTarPerm extractEntry src/lib/src/tools/ta_regtest/ta_error_number.h
812 silly gunzTarPerm modified mode [ 'src/lib/src/tools/ta_regtest/ta_error_number.h', 420, 438 ]
813 silly gunzTarPerm extractEntry src/lib/src/tools/ta_regtest/ta_gDataClose.c
814 silly gunzTarPerm modified mode [ 'src/lib/src/tools/ta_regtest/ta_gDataClose.c', 420, 438 ]
815 silly gunzTarPerm extractEntry src/lib/src/tools/ta_regtest/ta_gDataHigh.c
816 silly gunzTarPerm modified mode [ 'src/lib/src/tools/ta_regtest/ta_gDataHigh.c', 420, 438 ]
817 silly gunzTarPerm extractEntry src/lib/src/tools/ta_regtest/ta_gDataLow.c
818 silly gunzTarPerm modified mode [ 'src/lib/src/tools/ta_regtest/ta_gDataLow.c', 420, 438 ]
819 silly gunzTarPerm extractEntry src/lib/src/tools/ta_regtest/ta_gDataOpen.c
820 silly gunzTarPerm modified mode [ 'src/lib/src/tools/ta_regtest/ta_gDataOpen.c', 420, 438 ]
821 silly gunzTarPerm extractEntry src/lib/src/tools/ta_regtest/ta_regtest.c
822 silly gunzTarPerm modified mode [ 'src/lib/src/tools/ta_regtest/ta_regtest.c', 420, 438 ]
823 silly gunzTarPerm extractEntry src/lib/src/tools/ta_regtest/ta_test_func.h
824 silly gunzTarPerm modified mode [ 'src/lib/src/tools/ta_regtest/ta_test_func.h', 420, 438 ]
825 silly gunzTarPerm extractEntry src/lib/src/tools/ta_regtest/ta_test_func/test_1in_1out.c
826 silly gunzTarPerm modified mode [ 'src/lib/src/tools/ta_regtest/ta_test_func/test_1in_1out.c',
826 silly gunzTarPerm   420,
826 silly gunzTarPerm   438 ]
827 silly gunzTarPerm extractEntry src/lib/src/tools/ta_regtest/ta_test_func/test_1in_2out.c
828 silly gunzTarPerm modified mode [ 'src/lib/src/tools/ta_regtest/ta_test_func/test_1in_2out.c',
828 silly gunzTarPerm   420,
828 silly gunzTarPerm   438 ]
829 silly gunzTarPerm extractEntry src/lib/src/tools/ta_regtest/ta_test_func/test_adx.c
830 silly gunzTarPerm modified mode [ 'src/lib/src/tools/ta_regtest/ta_test_func/test_adx.c',
830 silly gunzTarPerm   420,
830 silly gunzTarPerm   438 ]
831 silly gunzTarPerm extractEntry src/lib/src/tools/ta_regtest/ta_test_func/test_avgdev.c
832 silly gunzTarPerm modified mode [ 'src/lib/src/tools/ta_regtest/ta_test_func/test_avgdev.c',
832 silly gunzTarPerm   420,
832 silly gunzTarPerm   438 ]
833 silly gunzTarPerm extractEntry src/lib/src/tools/ta_regtest/ta_test_func/test_bbands.c
834 silly gunzTarPerm modified mode [ 'src/lib/src/tools/ta_regtest/ta_test_func/test_bbands.c',
834 silly gunzTarPerm   420,
834 silly gunzTarPerm   438 ]
835 silly gunzTarPerm extractEntry src/lib/src/tools/ta_regtest/ta_test_func/test_candlestick.c
836 silly gunzTarPerm modified mode [ 'src/lib/src/tools/ta_regtest/ta_test_func/test_candlestick.c',
836 silly gunzTarPerm   420,
836 silly gunzTarPerm   438 ]
837 silly gunzTarPerm extractEntry src/lib/src/tools/ta_regtest/ta_test_func/test_imi.c
838 silly gunzTarPerm modified mode [ 'src/lib/src/tools/ta_regtest/ta_test_func/test_imi.c',
838 silly gunzTarPerm   420,
838 silly gunzTarPerm   438 ]
839 silly gunzTarPerm extractEntry src/lib/src/tools/ta_regtest/ta_test_func/test_ma.c
840 silly gunzTarPerm modified mode [ 'src/lib/src/tools/ta_regtest/ta_test_func/test_ma.c',
840 silly gunzTarPerm   420,
840 silly gunzTarPerm   438 ]
841 silly gunzTarPerm extractEntry src/lib/src/tools/ta_regtest/ta_test_func/test_macd.c
842 silly gunzTarPerm modified mode [ 'src/lib/src/tools/ta_regtest/ta_test_func/test_macd.c',
842 silly gunzTarPerm   420,
842 silly gunzTarPerm   438 ]
843 silly gunzTarPerm extractEntry src/lib/src/tools/ta_regtest/ta_test_func/test_minmax.c
844 silly gunzTarPerm modified mode [ 'src/lib/src/tools/ta_regtest/ta_test_func/test_minmax.c',
844 silly gunzTarPerm   420,
844 silly gunzTarPerm   438 ]
845 silly gunzTarPerm extractEntry src/lib/src/tools/ta_regtest/ta_test_func/test_mom.c
846 silly gunzTarPerm modified mode [ 'src/lib/src/tools/ta_regtest/ta_test_func/test_mom.c',
846 silly gunzTarPerm   420,
846 silly gunzTarPerm   438 ]
847 silly gunzTarPerm extractEntry src/lib/src/tools/ta_regtest/ta_test_func/test_per_ema.c
848 silly gunzTarPerm modified mode [ 'src/lib/src/tools/ta_regtest/ta_test_func/test_per_ema.c',
848 silly gunzTarPerm   420,
848 silly gunzTarPerm   438 ]
849 silly gunzTarPerm extractEntry src/lib/src/tools/ta_regtest/ta_test_func/test_per_hl.c
850 silly gunzTarPerm modified mode [ 'src/lib/src/tools/ta_regtest/ta_test_func/test_per_hl.c',
850 silly gunzTarPerm   420,
850 silly gunzTarPerm   438 ]
851 silly gunzTarPerm extractEntry src/lib/src/tools/ta_regtest/ta_test_func/test_per_hlc.c
852 silly gunzTarPerm modified mode [ 'src/lib/src/tools/ta_regtest/ta_test_func/test_per_hlc.c',
852 silly gunzTarPerm   420,
852 silly gunzTarPerm   438 ]
853 silly gunzTarPerm extractEntry src/lib/src/tools/ta_regtest/ta_test_func/test_per_hlcv.c
854 silly gunzTarPerm modified mode [ 'src/lib/src/tools/ta_regtest/ta_test_func/test_per_hlcv.c',
854 silly gunzTarPerm   420,
854 silly gunzTarPerm   438 ]
855 silly gunzTarPerm extractEntry src/lib/src/tools/ta_regtest/ta_test_func/test_per_ohlc.c
856 silly gunzTarPerm modified mode [ 'src/lib/src/tools/ta_regtest/ta_test_func/test_per_ohlc.c',
856 silly gunzTarPerm   420,
856 silly gunzTarPerm   438 ]
857 silly gunzTarPerm extractEntry src/lib/src/tools/ta_regtest/ta_test_func/test_po.c
858 silly gunzTarPerm modified mode [ 'src/lib/src/tools/ta_regtest/ta_test_func/test_po.c',
858 silly gunzTarPerm   420,
858 silly gunzTarPerm   438 ]
859 silly gunzTarPerm extractEntry src/lib/src/tools/ta_regtest/ta_test_func/test_rsi.c
860 silly gunzTarPerm modified mode [ 'src/lib/src/tools/ta_regtest/ta_test_func/test_rsi.c',
860 silly gunzTarPerm   420,
860 silly gunzTarPerm   438 ]
861 silly gunzTarPerm extractEntry src/lib/src/tools/ta_regtest/ta_test_func/test_sar.c
862 silly gunzTarPerm modified mode [ 'src/lib/src/tools/ta_regtest/ta_test_func/test_sar.c',
862 silly gunzTarPerm   420,
862 silly gunzTarPerm   438 ]
863 silly gunzTarPerm extractEntry src/lib/src/tools/ta_regtest/ta_test_func/test_stddev.c
864 silly gunzTarPerm modified mode [ 'src/lib/src/tools/ta_regtest/ta_test_func/test_stddev.c',
864 silly gunzTarPerm   420,
864 silly gunzTarPerm   438 ]
865 silly gunzTarPerm extractEntry src/lib/src/tools/ta_regtest/ta_test_func/test_stoch.c
866 silly gunzTarPerm modified mode [ 'src/lib/src/tools/ta_regtest/ta_test_func/test_stoch.c',
866 silly gunzTarPerm   420,
866 silly gunzTarPerm   438 ]
867 silly gunzTarPerm extractEntry src/lib/src/tools/ta_regtest/ta_test_func/test_trange.c
868 silly gunzTarPerm modified mode [ 'src/lib/src/tools/ta_regtest/ta_test_func/test_trange.c',
868 silly gunzTarPerm   420,
868 silly gunzTarPerm   438 ]
869 silly gunzTarPerm extractEntry src/lib/src/tools/ta_regtest/ta_test_priv.h
870 silly gunzTarPerm modified mode [ 'src/lib/src/tools/ta_regtest/ta_test_priv.h', 420, 438 ]
871 silly gunzTarPerm extractEntry src/lib/src/tools/ta_regtest/test_abstract.c
872 silly gunzTarPerm modified mode [ 'src/lib/src/tools/ta_regtest/test_abstract.c', 420, 438 ]
873 silly gunzTarPerm extractEntry src/lib/src/tools/ta_regtest/test_data.c
874 silly gunzTarPerm modified mode [ 'src/lib/src/tools/ta_regtest/test_data.c', 420, 438 ]
875 silly gunzTarPerm extractEntry src/lib/src/tools/ta_regtest/test_internals.c
876 silly gunzTarPerm modified mode [ 'src/lib/src/tools/ta_regtest/test_internals.c', 420, 438 ]
877 silly gunzTarPerm extractEntry src/lib/src/tools/ta_regtest/test_util.c
878 silly gunzTarPerm modified mode [ 'src/lib/src/tools/ta_regtest/test_util.c', 420, 438 ]
879 silly gunzTarPerm extractEntry src/lib/temp/csr/HOLDER
880 silly gunzTarPerm modified mode [ 'src/lib/temp/csr/HOLDER', 420, 438 ]
881 silly gunzTarPerm extractEntry src/lib/temp/HOLDER
882 silly gunzTarPerm modified mode [ 'src/lib/temp/HOLDER', 420, 438 ]
883 silly gunzTarPerm extractEntry src/talib.cpp
884 silly gunzTarPerm modified mode [ 'src/talib.cpp', 420, 438 ]
885 silly gentlyRm C:\Users\_\Desktop\test\node_modules\.staging\talib-a22b21ea\node_modules is being purged
886 verbose gentlyRm don't care about contents; nuking C:\Users\_\Desktop\test\node_modules\.staging\talib-a22b21ea\node_modules
887 silly doParallel preinstall 2
888 silly preinstall nan@2.10.0 C:\Users\_\Desktop\test\node_modules\.staging\nan-575959fa
889 info lifecycle nan@2.10.0~preinstall: nan@2.10.0
890 silly preinstall talib@1.0.5 C:\Users\_\Desktop\test\node_modules\.staging\talib-a22b21ea
891 info lifecycle talib@1.0.5~preinstall: talib@1.0.5
892 silly lifecycle nan@2.10.0~preinstall: no script for preinstall, continuing
893 silly lifecycle talib@1.0.5~preinstall: no script for preinstall, continuing
894 silly doReverseSerial remove 0
895 silly doSerial move 0
896 silly doSerial finalize 2
897 silly finalize C:\Users\_\Desktop\test\node_modules\nan
898 silly finalize C:\Users\_\Desktop\test\node_modules\talib
899 silly doSerial build 2
900 silly build nan@2.10.0
901 info linkStuff nan@2.10.0
902 silly linkStuff nan@2.10.0 has C:\Users\_\Desktop\test\node_modules as its parent node_modules
903 verbose linkBins nan@2.10.0
904 verbose linkMans nan@2.10.0
905 silly build talib@1.0.5
906 info linkStuff talib@1.0.5
907 silly linkStuff talib@1.0.5 has C:\Users\_\Desktop\test\node_modules as its parent node_modules
908 verbose linkBins talib@1.0.5
909 verbose linkMans talib@1.0.5
910 silly doSerial global-link 0
911 silly doParallel update-linked 0
912 silly doSerial install 2
913 silly install nan@2.10.0 C:\Users\_\Desktop\test\node_modules\.staging\nan-575959fa
914 info lifecycle nan@2.10.0~install: nan@2.10.0
915 silly lifecycle nan@2.10.0~install: no script for install, continuing
916 silly install talib@1.0.5 C:\Users\_\Desktop\test\node_modules\.staging\talib-a22b21ea
917 info lifecycle talib@1.0.5~install: talib@1.0.5
918 verbose lifecycle talib@1.0.5~install: unsafe-perm in lifecycle true
919 verbose lifecycle talib@1.0.5~install: PATH: C:\Users\_\AppData\Roaming\nvm\v6.11.2\node_modules\npm\bin\node-gyp-bin;C:\Users\_\Desktop\test\node_modules\talib\node_modules\.bin;C:\Users\_\Desktop\test\node_modules\.bin;C:\Users\_\bin;C:\Program Files\Git\mingw64\bin;C:\Program Files\Git\usr\local\bin;C:\Program Files\Git\usr\bin;C:\Program Files\Git\usr\bin;C:\Program Files\Git\mingw64\bin;C:\Program Files\Git\usr\bin;C:\Users\_\bin;C:\Windows\system32;C:\Windows;C:\Windows\System32\Wbem;C:\Windows\System32\WindowsPowerShell\v1.0;C:\Program Files\Git\cmd;C:\Users\_\AppData\Roaming\nvm;C:\Program Files\nodejs;C:\Users\_\AppData\Local\Programs\Python\Python36\Scripts;C:\Users\_\AppData\Local\Programs\Python\Python36;C:\Users\_\AppData\Local\Microsoft\WindowsApps;C:\Program Files\Microsoft VS Code\bin;C:\Users\_\AppData\Local\atom\bin;C:\Users\_\AppData\Roaming\nvm;C:\Program Files\nodejs;C:\Program Files\Git\usr\bin\vendor_perl;C:\Program Files\Git\usr\bin\core_perl
920 verbose lifecycle talib@1.0.5~install: CWD: C:\Users\_\Desktop\test\node_modules\talib
921 silly lifecycle talib@1.0.5~install: Args: [ '/d /s /c',
921 silly lifecycle   'node ./src/lib/build.js && node-gyp configure && node-gyp build' ]
922 silly lifecycle talib@1.0.5~install: Returned: code: 1  signal: null
923 info lifecycle talib@1.0.5~install: Failed to exec install script
924 verbose unlock done using C:\Users\_\AppData\Roaming\npm-cache\_locks\staging-1fdae3e498f47fbf.lock for C:\Users\_\Desktop\test\node_modules\.staging
925 silly rollbackFailedOptional Starting
926 silly rollbackFailedOptional Finishing
927 silly runTopLevelLifecycles Finishing
928 silly install printInstalled
929 warn enoent ENOENT: no such file or directory, open 'C:\Users\_\Desktop\test\package.json'
930 verbose enoent ENOENT: no such file or directory, open 'C:\Users\_\Desktop\test\package.json'
930 verbose enoent This is most likely not a problem with npm itself
930 verbose enoent and is related to npm not being able to find a file.
931 warn test No description
932 verbose If you need help, you may report this error at:
932 verbose     <https://github.com/npm/npm/issues>
933 warn test No repository field.
934 verbose If you need help, you may report this error at:
934 verbose     <https://github.com/npm/npm/issues>
935 warn test No README data
936 verbose If you need help, you may report this error at:
936 verbose     <https://github.com/npm/npm/issues>
937 warn test No license field.
938 verbose If you need help, you may report this error at:
938 verbose     <https://github.com/npm/npm/issues>
939 verbose stack Error: talib@1.0.5 install: `node ./src/lib/build.js && node-gyp configure && node-gyp build`
939 verbose stack Exit status 1
939 verbose stack     at EventEmitter.<anonymous> (C:\Users\_\AppData\Roaming\nvm\v6.11.2\node_modules\npm\lib\utils\lifecycle.js:255:16)
939 verbose stack     at emitTwo (events.js:126:13)
939 verbose stack     at EventEmitter.emit (events.js:214:7)
939 verbose stack     at ChildProcess.<anonymous> (C:\Users\_\AppData\Roaming\nvm\v6.11.2\node_modules\npm\lib\utils\spawn.js:40:14)
939 verbose stack     at emitTwo (events.js:126:13)
939 verbose stack     at ChildProcess.emit (events.js:214:7)
939 verbose stack     at maybeClose (internal/child_process.js:925:16)
939 verbose stack     at Process.ChildProcess._handle.onexit (internal/child_process.js:209:5)
940 verbose pkgid talib@1.0.5
941 verbose cwd C:\Users\_\Desktop\test
942 error Windows_NT 10.0.16299
943 error argv "C:\\Program Files\\nodejs\\node.exe" "C:\\Program Files\\nodejs\\node_modules\\npm\\bin\\npm-cli.js" "install" "talib"
944 error node v8.11.2
945 error npm  v3.10.10
946 error code ELIFECYCLE
947 error talib@1.0.5 install: `node ./src/lib/build.js && node-gyp configure && node-gyp build`
947 error Exit status 1
948 error Failed at the talib@1.0.5 install script 'node ./src/lib/build.js && node-gyp configure && node-gyp build'.
948 error Make sure you have the latest version of node.js and npm installed.
948 error If you do, this is most likely a problem with the talib package,
948 error not with npm itself.
948 error Tell the author that this fails on your system:
948 error     node ./src/lib/build.js && node-gyp configure && node-gyp build
948 error You can get information on how to open an issue for this project with:
948 error     npm bugs talib
948 error Or if that isn't available, you can get their info via:
948 error     npm owner ls talib
948 error There is likely additional logging output above.
949 verbose exit [ 1, true ]
